[    0.000000] Initializing cgroup subsys cpuset
[    0.000000] Initializing cgroup subsys cpu
[    0.000000] Initializing cgroup subsys cpuacct
[    0.000000] Linux version 4.4.0-210-generic (buildd@lgw01-amd64-009) (gcc version 5.4.0 20160609 (Ubuntu 5.4.0-6ubuntu1~16.04.12) ) #242-Ubuntu SMP Fri Apr 16 09:57:56 UTC 2021 (Ubuntu 4.4.0-210.242-generic 4.4.262)
[    0.000000] Command line: BOOT_IMAGE=/boot/vmlinuz-4.4.0-210-generic root=LABEL=cloudimg-rootfs ro console=tty1 console=ttyS0
[    0.000000] KERNEL supported cpus:
[    0.000000]   Intel GenuineIntel
[    0.000000]   AMD AuthenticAMD
[    0.000000]   Centaur CentaurHauls
[    0.000000] x86/fpu: Supporting XSAVE feature 0x01: 'x87 floating point registers'
[    0.000000] x86/fpu: Supporting XSAVE feature 0x02: 'SSE registers'
[    0.000000] x86/fpu: Enabled xstate features 0x3, context size is 576 bytes, using 'standard' format.
[    0.000000] e820: BIOS-provided physical RAM map:
[    0.000000] BIOS-e820: [mem 0x0000000000000000-0x000000000009fbff] usable
[    0.000000] BIOS-e820: [mem 0x000000000009fc00-0x000000000009ffff] reserved
[    0.000000] BIOS-e820: [mem 0x00000000000f0000-0x00000000000fffff] reserved
[    0.000000] BIOS-e820: [mem 0x0000000000100000-0x00000000dffeffff] usable
[    0.000000] BIOS-e820: [mem 0x00000000dfff0000-0x00000000dfffffff] ACPI data
[    0.000000] BIOS-e820: [mem 0x00000000fec00000-0x00000000fec00fff] reserved
[    0.000000] BIOS-e820: [mem 0x00000000fee00000-0x00000000fee00fff] reserved
[    0.000000] BIOS-e820: [mem 0x00000000fffc0000-0x00000000ffffffff] reserved
[    0.000000] BIOS-e820: [mem 0x0000000100000000-0x000000011fffffff] usable
[    0.000000] NX (Execute Disable) protection: active
[    0.000000] SMBIOS 2.5 present.
[    0.000000] Hypervisor detected: KVM
[    0.000000] e820: last_pfn = 0x120000 max_arch_pfn = 0x400000000
[    0.000000] MTRR: Disabled
[    0.000000] x86/PAT: MTRRs disabled, skipping PAT initialization too.
[    0.000000] CPU MTRRs all blank - virtualized system.
[    0.000000] x86/PAT: Configuration [0-7]: WB  WT  UC- UC  WB  WT  UC- UC  
[    0.000000] e820: last_pfn = 0xdfff0 max_arch_pfn = 0x400000000
[    0.000000] found SMP MP-table at [mem 0x0009fff0-0x0009ffff] mapped at [ffff88000009fff0]
[    0.000000] Scanning 1 areas for low memory corruption
[    0.000000] RAMDISK: [mem 0x362dc000-0x37165fff]
[    0.000000] ACPI: Early table checksum verification disabled
[    0.000000] ACPI: RSDP 0x00000000000E0000 000024 (v02 VBOX  )
[    0.000000] ACPI: XSDT 0x00000000DFFF0030 00003C (v01 VBOX   VBOXXSDT 00000001 ASL  00000061)
[    0.000000] ACPI: FACP 0x00000000DFFF00F0 0000F4 (v04 VBOX   VBOXFACP 00000001 ASL  00000061)
[    0.000000] ACPI: DSDT 0x00000000DFFF0620 002353 (v02 VBOX   VBOXBIOS 00000002 INTL 20230628)
[    0.000000] ACPI: FACS 0x00000000DFFF0200 000040
[    0.000000] ACPI: FACS 0x00000000DFFF0200 000040
[    0.000000] ACPI: APIC 0x00000000DFFF0240 00006C (v02 VBOX   VBOXAPIC 00000001 ASL  00000061)
[    0.000000] ACPI: SSDT 0x00000000DFFF02B0 00036C (v01 VBOX   VBOXCPUT 00000002 INTL 20230628)
[    0.000000] No NUMA configuration found
[    0.000000] Faking a node at [mem 0x0000000000000000-0x000000011fffffff]
[    0.000000] NODE_DATA(0) allocated [mem 0x11fff7000-0x11fffbfff]
[    0.000000] kvm-clock: Using msrs 4b564d01 and 4b564d00
[    0.000000] kvm-clock: cpu 0, msr 1:1ffef001, primary cpu clock
[    0.000000] kvm-clock: using sched offset of 2986190217 cycles
[    0.000000] clocksource: kvm-clock: mask: 0xffffffffffffffff max_cycles: 0x1cd42e4dffb, max_idle_ns: 881590591483 ns
[    0.000000] Zone ranges:
[    0.000000]   DMA      [mem 0x0000000000001000-0x0000000000ffffff]
[    0.000000]   DMA32    [mem 0x0000000001000000-0x00000000ffffffff]
[    0.000000]   Normal   [mem 0x0000000100000000-0x000000011fffffff]
[    0.000000]   Device   empty
[    0.000000] Movable zone start for each node
[    0.000000] Early memory node ranges
[    0.000000]   node   0: [mem 0x0000000000001000-0x000000000009efff]
[    0.000000]   node   0: [mem 0x0000000000100000-0x00000000dffeffff]
[    0.000000]   node   0: [mem 0x0000000100000000-0x000000011fffffff]
[    0.000000] Initmem setup node 0 [mem 0x0000000000001000-0x000000011fffffff]
[    0.000000] ACPI: PM-Timer IO Port: 0x4008
[    0.000000] IOAPIC[0]: apic_id 4, version 32, address 0xfec00000, GSI 0-23
[    0.000000] ACPI: INT_SRC_OVR (bus 0 bus_irq 0 global_irq 2 dfl dfl)
[    0.000000] ACPI: INT_SRC_OVR (bus 0 bus_irq 9 global_irq 9 low level)
[    0.000000] Using ACPI (MADT) for SMP configuration information
[    0.000000] smpboot: Allowing 4 CPUs, 0 hotplug CPUs
[    0.000000] PM: Registered nosave memory: [mem 0x00000000-0x00000fff]
[    0.000000] PM: Registered nosave memory: [mem 0x0009f000-0x0009ffff]
[    0.000000] PM: Registered nosave memory: [mem 0x000a0000-0x000effff]
[    0.000000] PM: Registered nosave memory: [mem 0x000f0000-0x000fffff]
[    0.000000] PM: Registered nosave memory: [mem 0xdfff0000-0xdfffffff]
[    0.000000] PM: Registered nosave memory: [mem 0xe0000000-0xfebfffff]
[    0.000000] PM: Registered nosave memory: [mem 0xfec00000-0xfec00fff]
[    0.000000] PM: Registered nosave memory: [mem 0xfec01000-0xfedfffff]
[    0.000000] PM: Registered nosave memory: [mem 0xfee00000-0xfee00fff]
[    0.000000] PM: Registered nosave memory: [mem 0xfee01000-0xfffbffff]
[    0.000000] PM: Registered nosave memory: [mem 0xfffc0000-0xffffffff]
[    0.000000] e820: [mem 0xe0000000-0xfebfffff] available for PCI devices
[    0.000000] Booting paravirtualized kernel on KVM
[    0.000000] clocksource: refined-jiffies: mask: 0xffffffff max_cycles: 0xffffffff, max_idle_ns: 7645519600211568 ns
[    0.000000] setup_percpu: NR_CPUS:512 nr_cpumask_bits:512 nr_cpu_ids:4 nr_node_ids:1
[    0.000000] PERCPU: Embedded 33 pages/cpu @ffff88011fc00000 s95192 r8192 d31784 u524288
[    0.000000] Built 1 zonelists in Node order, mobility grouping on.  Total pages: 1032056
[    0.000000] Policy zone: Normal
[    0.000000] Kernel command line: BOOT_IMAGE=/boot/vmlinuz-4.4.0-210-generic root=LABEL=cloudimg-rootfs ro console=tty1 console=ttyS0
[    0.000000] PID hash table entries: 4096 (order: 3, 32768 bytes)
[    0.000000] Memory: 4028040K/4193848K available (8644K kernel code, 1332K rwdata, 4044K rodata, 1492K init, 1164K bss, 165808K reserved, 0K cma-reserved)
[    0.000000] SLUB: HWalign=64, Order=0-3, MinObjects=0, CPUs=4, Nodes=1
[    0.000000] Kernel/User page tables isolation: enabled
[    0.000000] Hierarchical RCU implementation.
[    0.000000] 	Build-time adjustment of leaf fanout to 64.
[    0.000000] 	RCU restricting CPUs from NR_CPUS=512 to nr_cpu_ids=4.
[    0.000000] RCU: Adjusting geometry for rcu_fanout_leaf=64, nr_cpu_ids=4
[    0.000000] NR_IRQS:33024 nr_irqs:456 16
[    0.000000] Console: colour VGA+ 80x25
[    0.000000] console [tty1] enabled
[    0.000000] console [ttyS0] enabled
[    0.000000] tsc: Detected 1113.599 MHz processor
[    0.255304] Calibrating delay loop (skipped) preset value.. 2227.19 BogoMIPS (lpj=4454396)
[    0.257728] pid_max: default: 32768 minimum: 301
[    0.259121] ACPI: Core revision 20150930
[    0.261501] ACPI: 2 ACPI AML tables successfully acquired and loaded
[    0.263374] Security Framework initialized
[    0.264585] Yama: becoming mindful.
[    0.265711] AppArmor: AppArmor initialized
[    0.267503] Dentry cache hash table entries: 524288 (order: 10, 4194304 bytes)
[    0.271068] Inode-cache hash table entries: 262144 (order: 9, 2097152 bytes)
[    0.273231] Mount-cache hash table entries: 8192 (order: 4, 65536 bytes)
[    0.275008] Mountpoint-cache hash table entries: 8192 (order: 4, 65536 bytes)
[    0.277307] Initializing cgroup subsys io
[    0.278593] Initializing cgroup subsys memory
[    0.279843] Initializing cgroup subsys devices
[    0.281118] Initializing cgroup subsys freezer
[    0.282403] Initializing cgroup subsys net_cls
[    0.283673] Initializing cgroup subsys perf_event
[    0.284990] Initializing cgroup subsys net_prio
[    0.286295] Initializing cgroup subsys hugetlb
[    0.287566] Initializing cgroup subsys pids
[    0.298376] mce: CPU supports 0 MCE banks
[    0.299606] Last level iTLB entries: 4KB 0, 2MB 0, 4MB 0
[    0.301037] Last level dTLB entries: 4KB 0, 2MB 0, 4MB 0, 1GB 0
[    0.302598] Spectre V1 : Mitigation: usercopy/swapgs barriers and __user pointer sanitization
[    0.304969] Spectre V2 : Mitigation: Full generic retpoline
[    0.306462] Spectre V2 : Spectre v2 / SpectreRSB mitigation: Filling RSB on context switch
[    0.308777] Speculative Store Bypass: Vulnerable
[    0.310200] MDS: Mitigation: Clear CPU buffers
[    0.316204] Freeing SMP alternatives memory: 36K
[    0.328200] ftrace: allocating 32380 entries in 127 pages
[    0.424726] smpboot: APIC(0) Converting physical 0 to logical package 0
[    0.426562] smpboot: Max logical packages: 1
[    0.428213] x2apic enabled
[    0.429591] Switched APIC routing to physical x2apic.
[    0.432993] ..TIMER: vector=0x30 apic1=0 pin1=2 apic2=-1 pin2=-1
[    0.542862] APIC calibration not consistent with PM-Timer: 98ms instead of 100ms
[    0.545191] APIC delta adjusted to PM-Timer: 6250604 (6141641)
[    0.547020] smpboot: CPU0: Intel(R) Celeron(R) N5100 @ 1.10GHz (family: 0x6, model: 0x9c, stepping: 0x0)
[    0.549967] Performance Events: unsupported p6 CPU model 156 no PMU driver, software events only.
[    0.564713] KVM setup paravirtual spinlock
[    0.566914] x86: Booting SMP configuration:
[    0.568154] .... node  #0, CPUs:      #1
[    0.569617] kvm-clock: cpu 1, msr 1:1ffef041, secondary cpu clock
[    0.580158] mce: CPU supports 0 MCE banks
[    0.582902]  #2
[    0.583710] kvm-clock: cpu 2, msr 1:1ffef081, secondary cpu clock
[    0.594251] mce: CPU supports 0 MCE banks
[    0.597002]  #3
[    0.597866] kvm-clock: cpu 3, msr 1:1ffef0c1, secondary cpu clock
[    0.608554] mce: CPU supports 0 MCE banks
[    0.611233] x86: Booted up 1 node, 4 CPUs
[    0.612804] smpboot: Total of 4 processors activated (8908.79 BogoMIPS)
[    0.615045] devtmpfs: initialized
[    0.618520] evm: security.selinux
[    0.619636] evm: security.SMACK64
[    0.620682] evm: security.SMACK64EXEC
[    0.621798] evm: security.SMACK64TRANSMUTE
[    0.623013] evm: security.SMACK64MMAP
[    0.624143] evm: security.ima
[    0.625203] evm: security.capability
[    0.626624] clocksource: jiffies: mask: 0xffffffff max_cycles: 0xffffffff, max_idle_ns: 7645041785100000 ns
[    0.629343] futex hash table entries: 1024 (order: 4, 65536 bytes)
[    0.631104] pinctrl core: initialized pinctrl subsystem
[    0.632669] RTC time: 20:11:41, date: 10/30/23
[    0.634277] NET: Registered protocol family 16
[    0.647127] cpuidle: using governor ladder
[    0.658793] cpuidle: using governor menu
[    0.660014] PCCT header not found.
[    0.661190] ACPI: bus type PCI registered
[    0.662385] acpiphp: ACPI Hot Plug PCI Controller Driver version: 0.5
[    0.664192] PCI: Using configuration type 1 for base access
[    0.680098] ACPI: Added _OSI(Module Device)
[    0.681440] ACPI: Added _OSI(Processor Device)
[    0.682714] ACPI: Added _OSI(3.0 _SCP Extensions)
[    0.684052] ACPI: Added _OSI(Processor Aggregator Device)
[    0.686347] ACPI: Executed 1 blocks of module-level executable AML code
[    0.690420] ACPI: Interpreter enabled
[    0.691596] ACPI: (supports S0 S5)
[    0.692710] ACPI: Using IOAPIC for interrupt routing
[    0.695064] PCI: Using host bridge windows from ACPI; if necessary, use "pci=nocrs" and report a bug
[    0.703097] ACPI: PCI Root Bridge [PCI0] (domain 0000 [bus 00-ff])
[    0.704776] acpi PNP0A03:00: _OSC: OS supports [ASPM ClockPM Segments MSI]
[    0.706901] acpi PNP0A03:00: _OSC: not requesting OS control; OS requires [ExtendedConfig ASPM ClockPM MSI]
[    0.709616] acpi PNP0A03:00: fail to add MMCONFIG information, can't access extended PCI configuration space under this bridge.
[    0.728692] PCI host bridge to bus 0000:00
[    0.729943] pci_bus 0000:00: root bus resource [io  0x0000-0x0cf7 window]
[    0.731689] pci_bus 0000:00: root bus resource [io  0x0d00-0xffff window]
[    0.733421] pci_bus 0000:00: root bus resource [mem 0x000a0000-0x000bffff window]
[    0.735699] pci_bus 0000:00: root bus resource [mem 0xe0000000-0xfdffffff window]
[    0.737926] pci_bus 0000:00: root bus resource [bus 00-ff]
[    0.741584] pci 0000:00:01.1: legacy IDE quirk: reg 0x10: [io  0x01f0-0x01f7]
[    0.743374] pci 0000:00:01.1: legacy IDE quirk: reg 0x14: [io  0x03f6]
[    0.745115] pci 0000:00:01.1: legacy IDE quirk: reg 0x18: [io  0x0170-0x0177]
[    0.747001] pci 0000:00:01.1: legacy IDE quirk: reg 0x1c: [io  0x0376]
[    0.808646] pci 0000:00:07.0: quirk: [io  0x4000-0x403f] claimed by PIIX4 ACPI
[    0.811792] pci 0000:00:07.0: quirk: [io  0x4100-0x410f] claimed by PIIX4 SMB
[    0.865598] ACPI: PCI Interrupt Link [LNKA] (IRQs 5 9 10 *11)
[    0.871381] ACPI: PCI Interrupt Link [LNKB] (IRQs 5 9 *10 11)
[    0.873739] ACPI: PCI Interrupt Link [LNKC] (IRQs 5 *9 10 11)
[    0.876329] ACPI: PCI Interrupt Link [LNKD] (IRQs 5 9 10 *11)
[    0.878650] ACPI: Enabled 2 GPEs in block 00 to 07
[    0.880452] vgaarb: setting as boot device: PCI:0000:00:02.0
[    0.881990] vgaarb: device added: PCI:0000:00:02.0,decodes=io+mem,owns=io+mem,locks=none
[    0.884366] vgaarb: loaded
[    0.885308] vgaarb: bridge control possible 0000:00:02.0
[    0.886981] SCSI subsystem initialized
[    0.888283] ACPI: bus type USB registered
[    0.889499] usbcore: registered new interface driver usbfs
[    0.890982] usbcore: registered new interface driver hub
[    0.892455] usbcore: registered new device driver usb
[    0.894165] PCI: Using ACPI for IRQ routing
[    0.895738] NetLabel: Initializing
[    0.896824] NetLabel:  domain hash size = 128
[    0.898128] NetLabel:  protocols = UNLABELED CIPSOv4
[    0.899521] NetLabel:  unlabeled traffic allowed by default
[    0.901113] amd_nb: Cannot enumerate AMD northbridges
[    0.902930] clocksource: Switched to clocksource kvm-clock
[    0.911244] AppArmor: AppArmor Filesystem Enabled
[    0.912689] pnp: PnP ACPI init
[    0.914608] pnp: PnP ACPI: found 3 devices
[    0.924326] clocksource: acpi_pm: mask: 0xffffff max_cycles: 0xffffff, max_idle_ns: 2085701024 ns
[    0.926855] NET: Registered protocol family 2
[    0.928367] TCP established hash table entries: 32768 (order: 6, 262144 bytes)
[    0.930557] TCP bind hash table entries: 32768 (order: 7, 524288 bytes)
[    0.932660] TCP: Hash tables configured (established 32768 bind 32768)
[    0.934396] UDP hash table entries: 2048 (order: 4, 65536 bytes)
[    0.935974] UDP-Lite hash table entries: 2048 (order: 4, 65536 bytes)
[    0.937748] NET: Registered protocol family 1
[    0.939018] pci 0000:00:00.0: Limiting direct PCI/PCI transfers
[    0.940602] pci 0000:00:01.0: Activating ISA DMA hang workarounds
[    0.942388] Unpacking initramfs...
[    1.181535] Freeing initrd memory: 14888K
[    1.182915] PCI-DMA: Using software bounce buffering for IO (SWIOTLB)
[    1.184600] software IO TLB: mapped [mem 0xdbff0000-0xdfff0000] (64MB)
[    1.188355] clocksource: tsc: mask: 0xffffffffffffffff max_cycles: 0x100d47dceae, max_idle_ns: 440795244181 ns
[    1.191750] platform rtc_cmos: registered platform RTC device (no PNP device found)
[    1.194465] Scanning for low memory corruption every 60 seconds
[    1.197221] audit: initializing netlink subsys (disabled)
[    1.199166] audit: type=2000 audit(1698696706.945:1): initialized
[    1.201347] Initialise system trusted keyring
[    1.204128] HugeTLB registered 2 MB page size, pre-allocated 0 pages
[    1.207621] zbud: loaded
[    1.209279] VFS: Disk quotas dquot_6.6.0
[    1.210808] VFS: Dquot-cache hash table entries: 512 (order 0, 4096 bytes)
[    1.213417] squashfs: version 4.0 (2009/01/31) Phillip Lougher
[    1.216335] fuse init (API version 7.23)
[    1.218149] Key type big_key registered
[    1.220078] Allocating IMA MOK and blacklist keyrings.
[    1.224090] Key type asymmetric registered
[    1.225948] Asymmetric key parser 'x509' registered
[    1.227983] Block layer SCSI generic (bsg) driver version 0.4 loaded (major 249)
[    1.230881] io scheduler noop registered
[    1.232594] io scheduler deadline registered (default)
[    1.234415] io scheduler cfq registered
[    1.237015] pci_hotplug: PCI Hot Plug PCI Core version: 0.5
[    1.240033] pciehp: PCI Express Hot Plug Controller Driver version: 0.4
[    1.242246] ACPI: AC Adapter [AC] (off-line)
[    1.243953] input: Power Button as /devices/LNXSYSTM:00/LNXPWRBN:00/input/input0
[    1.246431] ACPI: Power Button [PWRF]
[    1.248011] input: Sleep Button as /devices/LNXSYSTM:00/LNXSLPBN:00/input/input1
[    1.250448] ACPI: Sleep Button [SLPF]
[    1.252879] GHES: HEST is not enabled!
[    1.255309] ACPI: Battery Slot [BAT0] (battery present)
[    1.257092] Serial: 8250/16550 driver, 32 ports, IRQ sharing enabled
[    1.280088] 00:02: ttyS0 at I/O 0x3f8 (irq = 4, base_baud = 115200) is a 16550A
[    1.285554] Linux agpgart interface v0.103
[    1.289695] loop: module loaded
[    1.291845] scsi host0: ata_piix
[    1.293358] scsi host1: ata_piix
[    1.294628] ata1: PATA max UDMA/33 cmd 0x1f0 ctl 0x3f6 bmdma 0xd000 irq 14
[    1.297213] ata2: PATA max UDMA/33 cmd 0x170 ctl 0x376 bmdma 0xd008 irq 15
[    1.299546] libphy: Fixed MDIO Bus: probed
[    1.301388] tun: Universal TUN/TAP device driver, 1.6
[    1.303116] tun: (C) 1999-2004 Max Krasnyansky <maxk@qualcomm.com>
[    1.305577] PPP generic driver version 2.4.2
[    1.307347] ehci_hcd: USB 2.0 'Enhanced' Host Controller (EHCI) Driver
[    1.309454] ehci-pci: EHCI PCI platform driver
[    1.311117] ehci-platform: EHCI generic platform driver
[    1.313071] ohci_hcd: USB 1.1 'Open' Host Controller (OHCI) Driver
[    1.315071] ohci-pci: OHCI PCI platform driver
[    1.316664] ohci-platform: OHCI generic platform driver
[    1.318482] uhci_hcd: USB Universal Host Controller Interface driver
[    1.320697] i8042: PNP: PS/2 Controller [PNP0303:PS2K,PNP0f03:PS2M] at 0x60,0x64 irq 1,12
[    1.325158] serio: i8042 KBD port at 0x60,0x64 irq 1
[    1.328104] serio: i8042 AUX port at 0x60,0x64 irq 12
[    1.330727] mousedev: PS/2 mouse device common for all mice
[    1.335233] input: AT Translated Set 2 keyboard as /devices/platform/i8042/serio0/input/input2
[    1.338578] rtc_cmos rtc_cmos: rtc core: registered rtc_cmos as rtc0
[    1.340703] rtc_cmos rtc_cmos: alarms up to one day, 114 bytes nvram
[    1.342609] i2c /dev entries driver
[    1.343938] device-mapper: uevent: version 1.0.3
[    1.345707] device-mapper: ioctl: 4.34.0-ioctl (2015-10-28) initialised: dm-devel@redhat.com
[    1.348464] ledtrig-cpu: registered to indicate activity on CPUs
[    1.351119] NET: Registered protocol family 10
[    1.352948] NET: Registered protocol family 17
[    1.354450] Key type dns_resolver registered
[    1.356560] registered taskstats version 1
[    1.358058] Loading compiled-in X.509 certificates
[    1.360510] Loaded X.509 cert 'Build time autogenerated kernel key: cf00e047681d67edb2720680708b7d9498083038'
[    1.363810] zswap: loaded using pool lzo/zbud
[    1.369794] Key type trusted registered
[    1.381995] Key type encrypted registered
[    1.384569] AppArmor: AppArmor sha1 policy hashing enabled
[    1.387534] ima: No TPM chip found, activating TPM-bypass!
[    1.390412] ima: Allocated hash algorithm: sha1
[    1.393156] evm: HMAC attrs: 0x1
[    1.396573]   Magic number: 11:20:196
[    1.397945] rtc_cmos rtc_cmos: setting system clock to 2023-10-30 20:11:42 UTC (1698696702)
[    1.400516] BIOS EDD facility v0.16 2004-Jun-25, 0 devices found
[    1.402123] EDD information not available.
[    1.497231] Freeing unused kernel memory: 1492K
[    1.502178] Write protecting the kernel read-only data: 14336k
[    1.506519] Freeing unused kernel memory: 1584K
[    1.508041] Freeing unused kernel memory: 52K
Loading, please wait...
starting version 229
[    1.526158] random: systemd-udevd: uninitialized urandom read (16 bytes read, 3 bits of entropy available)
[    1.527089] random: udevadm: uninitialized urandom read (16 bytes read, 3 bits of entropy available)
[    1.527130] random: udevadm: uninitialized urandom read (16 bytes read, 3 bits of entropy available)
[    1.534855] random: systemd-udevd: uninitialized urandom read (16 bytes read, 3 bits of entropy available)
[    1.537515] random: systemd-udevd: uninitialized urandom read (16 bytes read, 3 bits of entropy available)
[    1.540152] random: systemd-udevd: uninitialized urandom read (16 bytes read, 3 bits of entropy available)
[    1.543372] random: udevadm: uninitialized urandom read (16 bytes read, 3 bits of entropy available)
[    1.544304] random: systemd-udevd: uninitialized urandom read (16 bytes read, 3 bits of entropy available)
[    1.544333] random: systemd-udevd: uninitialized urandom read (16 bytes read, 3 bits of entropy available)
[    1.544353] random: systemd-udevd: uninitialized urandom read (16 bytes read, 3 bits of entropy available)
[    1.634763] e1000: Intel(R) PRO/1000 Network Driver - version 7.3.21-k8-NAPI
[    1.643068] e1000: Copyright (c) 1999-2006 Intel Corporation.
[    1.664522] Fusion MPT base driver 3.04.20
[    1.671734] Copyright (c) 1999-2008 LSI Corporation
[    1.686708] Fusion MPT SPI Host driver 3.04.20
[    1.708755] SSE version of gcm_enc/dec engaged.
[    1.889239] input: ImExPS/2 Generic Explorer Mouse as /devices/platform/i8042/serio1/input/input4
[    2.052095] e1000 0000:00:03.0 eth0: (PCI:33MHz:32-bit) 02:be:82:6b:cc:1d
[    2.053932] e1000 0000:00:03.0 eth0: Intel(R) PRO/1000 Network Connection
[    2.056573] mptbase: ioc0: Initiating bringup
[    3.023652] ioc0: LSI53C1030 A0: Capabilities={Initiator}
[    5.153206] scsi host2: ioc0: LSI53C1030 A0, FwRev=00000000h, Ports=1, MaxQ=256, IRQ=20
[    6.922918] scsi 2:0:0:0: Direct-Access     VBOX     HARDDISK         1.0  PQ: 0 ANSI: 5
[    6.929694] scsi target2:0:0: Beginning Domain Validation
[    6.932352] scsi target2:0:0: Domain Validation skipping write tests
[    6.934003] scsi target2:0:0: Ending Domain Validation
[    6.935480] scsi target2:0:0: asynchronous
[    6.937608] scsi 2:0:1:0: Direct-Access     VBOX     HARDDISK         1.0  PQ: 0 ANSI: 5
[    6.939932] scsi target2:0:1: Beginning Domain Validation
[    6.942463] scsi target2:0:1: Domain Validation skipping write tests
[    6.944110] scsi target2:0:1: Ending Domain Validation
[    6.945570] scsi target2:0:1: asynchronous
[    6.951784] sd 2:0:0:0: [sda] 83886080 512-byte logical blocks: (42.9 GB/40.0 GiB)
[    6.954450] sd 2:0:0:0: [sda] Write Protect is off
[    6.956106] sd 2:0:0:0: [sda] Incomplete mode parameter data
[    6.957669] sd 2:0:0:0: [sda] Assuming drive cache: write through
[    6.959027] sd 2:0:0:0: Attached scsi generic sg0 type 0
[    6.959434] sd 2:0:1:0: [sdb] 20480 512-byte logical blocks: (10.5 MB/10.0 MiB)
[    6.959589] sd 2:0:1:0: [sdb] Write Protect is off
[    6.959693] sd 2:0:1:0: [sdb] Incomplete mode parameter data
[    6.959694] sd 2:0:1:0: [sdb] Assuming drive cache: write through
[    6.960550] sd 2:0:1:0: Attached scsi generic sg1 type 0
[    6.964230] sd 2:0:1:0: [sdb] Attached SCSI disk
[    6.972671]  sda: sda1
[    6.974395] sd 2:0:0:0: [sda] Attached SCSI disk
[    7.791042] e1000 0000:00:08.0 eth1: (PCI:33MHz:32-bit) 08:00:27:1f:a8:5e
[    7.793105] e1000 0000:00:08.0 eth1: Intel(R) PRO/1000 Network Connection
[    7.796367] e1000 0000:00:03.0 enp0s3: renamed from eth0
[    7.811852] e1000 0000:00:08.0 enp0s8: renamed from eth1
Begin: Loading essential drivers ... [    9.563289] md: linear personality registered for level -1
[    9.568162] md: multipath personality registered for level -4
[    9.572814] md: raid0 personality registered for level 0
[    9.578872] md: raid1 personality registered for level 1
[    9.650971] raid6: sse2x1   gen()  8541 MB/s
[    9.726728] raid6: sse2x1   xor()  6227 MB/s
[    9.804469] raid6: sse2x2   gen() 11850 MB/s
[    9.874722] raid6: sse2x2   xor()  6506 MB/s
[    9.954727] raid6: sse2x4   gen() 12925 MB/s
[   10.030835] raid6: sse2x4   xor()  7130 MB/s
[   10.032273] raid6: using algorithm sse2x4 gen() 12925 MB/s
[   10.033736] raid6: .... xor() 7130 MB/s, rmw enabled
[   10.035130] raid6: using ssse3x2 recovery algorithm
[   10.037979] xor: measuring software checksum speed
[   10.079037]    prefetch64-sse: 16960.000 MB/sec
[   10.119033]    generic_sse: 10705.000 MB/sec
[   10.120413] xor: using function: prefetch64-sse (16960.000 MB/sec)
[   10.123377] async_tx: api initialized (async)
[   10.136006] md: raid6 personality registered for level 6
[   10.137897] md: raid5 personality registered for level 5
[   10.139371] md: raid4 personality registered for level 4
[   10.149631] md: raid10 personality registered for level 10
done.
Begin: Running /scripts/init-premount ... done.
Begin: Mounting root file system ... Begin: Running /scripts/local-top ... done.
Begin: Running /scripts/local-premount ... [   10.189464] Btrfs loaded
Scanning for Btrfs filesystems
done.
Warning: fsck not present, so skipping root file system
[   10.225579] EXT4-fs (sda1): mounted filesystem with ordered data mode. Opts: (null)
done.
Begin: Running /scripts/local-bottom ... done.
Begin: Running /scripts/init-bottom ... done.
[   10.321103] systemd[1]: systemd 229 running in system mode. (+PAM +AUDIT +SELINUX +IMA +APPARMOR +SMACK +SYSVINIT +UTMP +LIBCRYPTSETUP +GCRYPT +GNUTLS +ACL +XZ -LZ4 +SECCOMP +BLKID +ELFUTILS +KMOD -IDN)
[   10.326006] systemd[1]: Detected virtualization oracle.
[   10.327471] systemd[1]: Detected architecture x86-64.

Welcome to [1mUbuntu 16.04.7 LTS[0m!

[   10.331198] systemd[1]: Set hostname to <ubuntu>.
[   10.333961] systemd[1]: Initializing machine ID from random generator.
[   10.335793] systemd[1]: Installed transient /etc/machine-id file.
[   10.489093] systemd[1]: Reached target Encrypted Volumes.
[[0;32m  OK  [0m] Reached target Encrypted Volumes.
[   10.491774] systemd[1]: Listening on Device-mapper event daemon FIFOs.
[[0;32m  OK  [0m] Listening on Device-mapper event daemon FIFOs.
[   10.494640] systemd[1]: Listening on udev Kernel Socket.
[[0;32m  OK  [0m] Listening on udev Kernel Socket.
[   10.497076] systemd[1]: Listening on LVM2 metadata daemon socket.
[[0;32m  OK  [0m] Listening on LVM2 metadata daemon socket.
[   10.499688] systemd[1]: Reached target Swap.
[[0;32m  OK  [0m] Reached target Swap.
[   10.501825] systemd[1]: Listening on LVM2 poll daemon socket.
[[0;32m  OK  [0m] Listening on LVM2 poll daemon socket.
[   10.504881] systemd[1]: Created slice System Slice.
[[0;32m  OK  [0m] Created slice System Slice.
[   10.507234] systemd[1]: Listening on /dev/initctl Compatibility Named Pipe.
[[0;32m  OK  [0m] Listening on /dev/initctl Compatibility Named Pipe.
[   10.510183] systemd[1]: Listening on fsck to fsckd communication Socket.
[[0;32m  OK  [0m] Listening on fsck to fsckd communication Socket.
[   10.513087] systemd[1]: Listening on Journal Socket.
[[0;32m  OK  [0m] Listening on Journal Socket.
[   11.026382] systemd[1]: Mounting Debug File System...
         Mounting Debug File System...
[   11.039885] systemd[1]: Starting Uncomplicated firewall...
         Starting Uncomplicated firewall...
[   11.055705] systemd[1]: Starting Load Kernel Modules...
         Starting Load Kernel Modules...
[   11.069509] systemd[1]: Starting Nameserver information manager...
[   11.071638] Loading iSCSI transport class v2.0-870.
         Starting Nameserver information manager...
[   11.074935] systemd[1]: Starting Set console keymap...
         Starting Set console keymap...
[   11.082422] systemd[1]: Mounting POSIX Message Queue File System...
         Mounting POSIX Message Queue File System...
[   11.090767] iscsi: registered transport (tcp)
[   11.090986] systemd[1]: Reached target System Time Synchronized.
[[0;32m  OK  [0m] Reached target System Time Synchronized.
[   11.099392] systemd[1]: Listening on udev Control Socket.
[[0;32m  OK  [0m] Listening on udev Control Socket.
[   11.107997] systemd[1]: Listening on Journal Socket (/dev/log).
[[0;32m  OK  [0m] Listening on Journal Socket (/dev/log).
[   11.111470] systemd[1]: Reached target User and Group Name Lookups.
[[0;32m  OK  [0m] Reached target User and Group Name Lookups.
[   11.115336] systemd[1]: Started Forward Password Requests to Wall Directory Watch.
[[0;32m  OK  [0m] Started Forward Password Requests to Wall Directory Watch.
[   11.119634] systemd[1]: Listening on Syslog Socket.
[[0;32m  OK  [0m] Listening on Syslog Socket.
[   11.123499] systemd[1]: Starting Create list of required static device nodes for the current kernel...
         Starting Create list of required st... nodes for the current kernel...
[   11.134751] systemd[1]: Created slice User and Session Slice.
[[0;32m  OK  [0m] Created slice User and Session Slice.
[   11.139543] systemd[1]: Reached target Slices.
[[0;32m  OK  [0m] Reached target Slices.
[   11.165776] iscsi: registered transport (iser)
[   11.171202] systemd[1]: Starting File System Check on Root Device...
         Starting File System Check on Root Device...
[   11.177208] systemd[1]: Mounting Huge Pages File System...
         Mounting Huge Pages File System...
[   11.185413] systemd[1]: Starting Monitoring of LVM2 mirrors, snapshots etc. using dmeventd or progress polling...
         Starting Monitoring of LVM2 mirrors... dmeventd or progress polling...
[   11.193470] systemd[1]: Created slice system-serial\x2dgetty.slice.
[[0;32m  OK  [0m] Created slice system-serial\x2dgetty.slice.
[   11.200355] systemd[1]: Set up automount Arbitrary Executable File Formats File System Automount Point.
[[0;32m  OK  [0m] Set up automount Arbitrary Executab...ats File System Automount Point.
[   11.224017] systemd[1]: Listening on Journal Audit Socket.
[[0;32m  OK  [0m] Listening on Journal Audit Socket.
[   11.230699] systemd[1]: Starting Journal Service...
         Starting Journal Service...
[   11.235301] systemd[1]: Started Trigger resolvconf update for networkd DNS.
[[0;32m  OK  [0m] Started Trigger resolvconf update for networkd DNS.
[   11.247374] systemd[1]: Mounted Huge Pages File System.
[[0;32m  OK  [0m] Mounted Huge Pages File System.
[   11.256659] systemd[1]: Mounted POSIX Message Queue File System.
[[0;32m  OK  [0m] Mounted POSIX Message Queue File System.
[   11.264712] systemd[1]: Mounted Debug File System.
[[0;32m  OK  [0m] Mounted Debug File System.
[   11.276194] systemd[1]: Started Uncomplicated firewall.
[[0;32m  OK  [0m] Started Uncomplicated firewall.
[   11.281010] systemd[1]: Started Load Kernel Modules.
[[0;32m  OK  [0m] Started Load Kernel Modules.
[   11.304373] systemd[1]: Started Set console keymap.
[[0;32m  OK  [0m] Started Set console keymap.
[   11.308196] random: nonblocking pool is initialized
[   11.310685] systemd[1]: Started Create list of required static device nodes for the current kernel.
[[0;32m  OK  [0m] Started Create list of required sta...ce nodes for the current kernel.
[   11.322481] systemd[1]: Started File System Check on Root Device.
[[0;32m  OK  [0m] Started File System Check on Root Device.
[   11.329469] systemd[1]: Started Nameserver information manager.
[[0;32m  OK  [0m] Started Nameserver information manager.
[   11.339139] systemd[1]: Started Journal Service.
[[0;32m  OK  [0m] Started Journal Service.
[[0;32m  OK  [0m] Started LVM2 metadata daemon.
[[0;32m  OK  [0m] Started File System Check Daemon to report status.
         Starting Remount Root and Kernel File Systems...
         Starting Create Static Device Nodes in /dev...
[   11.364773] EXT4-fs (sda1): re-mounted. Opts: (null)
         Starting Apply Kernel Variables...
         Mounting FUSE Control File System...
[[0;32m  OK  [0m] Mounted FUSE Control File System.
[[0;32m  OK  [0m] Started Remount Root and Kernel File Systems.
[[0;32m  OK  [0m] Started Create Static Device Nodes in /dev.
[[0;32m  OK  [0m] Started Apply Kernel Variables.
         Starting udev Kernel Device Manager...
         Starting Flush Journal to Persistent Storage...
         Starting Load/Save Random Seed...
         Starting udev Coldplug all Devices...
[[0;32m  OK  [0m] Started Load/Save Random Seed.
[[0;32m  OK  [0m] Started Flush Journal to Persistent Storage.
[[0;32m  OK  [0m] Started udev Kernel Device Manager.
[[0;32m  OK  [0m] Started udev Coldplug all Devices.
[[0;32m  OK  [0m] Started Dispatch Password Requests to Console Directory Watch.
[[0;32m  OK  [0m] Found device /dev/ttyS0.
[[0;32m  OK  [0m] Listening on Load/Save RF Kill Switch Status /dev/rfkill Watch.
[[0;32m  OK  [0m] Started Monitoring of LVM2 mirrors,...ng dmeventd or progress polling.
[[0;32m  OK  [0m] Reached target Local File Systems (Pre).
[[0;32m  OK  [0m] Reached target Local File Systems.
         Starting Tell Plymouth To Write Out Runtime Data...
         Starting Commit a transient machine-id on disk...
         Starting Initial cloud-init job (pre-networking)...
         Starting Create Volatile Files and Directories...
         Starting LSB: AppArmor initialization...
         Starting Set console font and keymap...
[[0;32m  OK  [0m] Started Tell Plymouth To Write Out Runtime Data.
[[0;32m  OK  [0m] Started Create Volatile Files and Directories.
         Starting Update UTMP about System Boot/Shutdown...
[[0;32m  OK  [0m] Started Commit a transient machine-id on disk.
[[0;32m  OK  [0m] Started Update UTMP about System Boot/Shutdown.
[[0;32m  OK  [0m] Started Set console font and keymap.
[[0;32m  OK  [0m] Created slice system-getty.slice.
[[0;32m  OK  [0m] Started LSB: AppArmor initialization.
         Starting Load AppArmor profiles managed internally by snapd...
[[0;32m  OK  [0m] Started Load AppArmor profiles managed internally by snapd.
[   13.195512] cloud-init[667]: Cloud-init v. 21.1-19-gbad84ad4-0ubuntu1~16.04.2 running 'init-local' at Mon, 30 Oct 2023 20:11:54 +0000. Up 12.88 seconds.
[[0;32m  OK  [0m] Started Initial cloud-init job (pre-networking).
[[0;32m  OK  [0m] Reached target Network (Pre).
         Starting Raise network interfaces...
[[0;32m  OK  [0m] Started Raise network interfaces.
[[0;32m  OK  [0m] Reached target Network.
         Starting Initial cloud-init job (metadata service crawler)...
[   14.683665] cloud-init[1008]: Cloud-init v. 21.1-19-gbad84ad4-0ubuntu1~16.04.2 running 'init' at Mon, 30 Oct 2023 20:11:55 +0000. Up 13.99 seconds.
[   14.686019] cloud-init[1008]: ci-info: ++++++++++++++++++++++++++++++++++++++Net device info+++++++++++++++++++++++++++++++++++++++
[   14.688154] cloud-init[1008]: ci-info: +--------+-------+----------------------------+---------------+--------+-------------------+
[   14.690397] cloud-init[1008]: ci-info: | Device |   Up  |          Address           |      Mask     | Scope  |     Hw-Address    |
[   14.692784] cloud-init[1008]: ci-info: +--------+-------+----------------------------+---------------+--------+-------------------+
[   14.695148] cloud-init[1008]: ci-info: | enp0s3 |  True |         10.0.2.15          | 255.255.255.0 | global | 02:be:82:6b:cc:1d |
[   14.697582] cloud-init[1008]: ci-info: | enp0s3 |  True | fe80::be:82ff:fe6b:cc1d/64 |       .       |  link  | 02:be:82:6b:cc:1d |
[   14.699871] cloud-init[1008]: ci-info: | enp0s8 | False |             .              |       .       |   .    | 08:00:27:1f:a8:5e |
[   14.702105] cloud-init[1008]: ci-info: |   lo   |  True |         127.0.0.1          |   255.0.0.0   |  host  |         .         |
[   14.704320] cloud-init[1008]: ci-info: |   lo   |  True |          ::1/128           |       .       |  host  |         .         |
[   14.706691] cloud-init[1008]: ci-info: +--------+-------+----------------------------+---------------+--------+-------------------+
[   14.709163] cloud-init[1008]: ci-info: +++++++++++++++++++++++++++Route IPv4 info++++++++++++++++++++++++++++
[   14.711292] cloud-init[1008]: ci-info: +-------+-------------+----------+---------------+-----------+-------+
[   14.713192] cloud-init[1008]: ci-info: | Route | Destination | Gateway  |    Genmask    | Interface | Flags |
[   14.715236] cloud-init[1008]: ci-info: +-------+-------------+----------+---------------+-----------+-------+
[   14.717304] cloud-init[1008]: ci-info: |   0   |   0.0.0.0   | 10.0.2.2 |    0.0.0.0    |   enp0s3  |   UG  |
[   14.719186] cloud-init[1008]: ci-info: |   1   |   10.0.2.0  | 0.0.0.0  | 255.255.255.0 |   enp0s3  |   U   |
[   14.721114] cloud-init[1008]: ci-info: +-------+-------------+----------+---------------+-----------+-------+
[   14.723173] cloud-init[1008]: ci-info: +++++++++++++++++++Route IPv6 info+++++++++++++++++++
[   14.724906] cloud-init[1008]: ci-info: +-------+-------------+---------+-----------+-------+
[   14.726664] cloud-init[1008]: ci-info: | Route | Destination | Gateway | Interface | Flags |
[   14.728397] cloud-init[1008]: ci-info: +-------+-------------+---------+-----------+-------+
[   14.730224] cloud-init[1008]: ci-info: |   0   |  fe80::/64  |    ::   |   enp0s3  |   U   |
[   14.732121] cloud-init[1008]: ci-info: |   3   |   ff00::/8  |    ::   |   enp0s3  |   U   |
[   14.733949] cloud-init[1008]: ci-info: +-------+-------------+---------+-----------+-------+
[   14.735714] cloud-init[1008]: Generating public/private rsa key pair.
[   14.737326] cloud-init[1008]: Your identification has been saved in /etc/ssh/ssh_host_rsa_key.
[   14.739209] cloud-init[1008]: Your public key has been saved in /etc/ssh/ssh_host_rsa_key.pub.
[   14.741013] cloud-init[1008]: The key fingerprint is:
[   14.742342] cloud-init[1008]: SHA256:cIceaH5/06AyySvAv7zQ5U9kfXwvlMiu9F4a6cUEByo root@ubuntu-xenial
[   14.744201] cloud-init[1008]: The key's randomart image is:
[   14.745576] cloud-init[1008]: +---[RSA 2048]----+
[   14.746895] cloud-init[1008]: |            .    |
[   14.748255] cloud-init[1008]: |       . . . .   |
[   14.749693] [cloud-init[0;32m  OK  [0m[1008]: ] |      + E o . .  |Started Initial cloud-init job (metadata service crawler).

[   14.749934] cloud-init[1008]: |     o + + o = . |
[   14.752819] [cloud-init[0;32m  OK  [0m[1008]: ] |   .  . S o = * .|Reached target Network is Online.

[   14.753074] cloud-init[1008]: |    o. = = o O ..|
[   14.755818] cloud-init[1008]: |    .o. * = * * .|
[   14.757023] cloud-init[1008]: |     oo  B = * . |
[   14.758163] cloud-init[1008]: |      ++. o.=    |
[   14.759227] cloud-init[1008]: +----[SHA256]-----+
         Starting iSCSI initiator daemon (iscsid)...
[[   14.769076] [0;32m  OK  [0mcloud-init] [1008]: Reached target Cloud-config availability.Generating public/private dsa key pair.

[   14.778526] [cloud-init[0;32m  OK  [0m[1008]: ] Your identification has been saved in /etc/ssh/ssh_host_dsa_key.Reached target System Initialization.

[[0;32m  OK  [0m] Started Daily Cleanup of Temporary Directories.
[[   14.778780] [0;32m  OK  [0mcloud-init] [1008]: Listening on ACPID Listen Socket.Your public key has been saved in /etc/ssh/ssh_host_dsa_key.pub.

[   14.784496] [cloud-init[0;32m  OK  [0m[1008]: ] The key fingerprint is:Listening on UUID daemon activation socket.

[   14.784718] [cloud-init[0;32m  OK  [0m[1008]: ] SHA256:U8yvmvu/h3Px+cmY7RlemSrpkba4rC998NaU9L0p/DQ root@ubuntu-xenialListening on D-Bus System Message Bus Socket.

[   14.788453]          cloud-initStarting Socket activation for snappy daemon.[1008]: 
The key's randomart image is:
[   14.790170]          cloud-initStarting LXD - unix socket.[1008]: 
+---[DSA 1024]----+
[   14.794213] [cloud-init[0;32m  OK  [0m[1008]: ] |                 |Started Ubuntu Advantage update messaging.

[   14.794490] [cloud-init[0;32m  OK  [0m[1008]: ] |         o       |Started Daily apt download activities.

[   14.799674] [cloud-init[0;32m  OK  [0m[1008]: ] |          +      |Started Daily apt upgrade and clean activities.

[[   14.799924] [0;32m  OK  [0mcloud-init] [1008]: Started Message of the Day.|         . . .   |

[   14.803297] [cloud-init[0;32m  OK  [0m[1008]: ] |        S   o o .|Reached target Timers.

[   14.803569] cloud-init[1008]: |         o ..o..+|
[   14.812505] [[0;32m  OK  [0m] Started ACPI Events Check.
cloud-init[1008]: |        . ++=. E=|
[   14.821185] [cloud-init[0;32m  OK  [0m[1008]: ] |       ..+o*=+@+B|Reached target Paths.

[   14.822041] cloud-init[1008]: |       .BB*++O+Oo|
[   14.824762] cloud-init[1008]: +----[SHA256]-----+
[   14.826017] cloud-init[1008]: Generating public/private ecdsa key pair.
[   14.827541] cloud-init[1008]: Your identification has been saved in /etc/ssh/ssh_host_ecdsa_key.
[   14.830061] cloud-init[1008]: Your public key has been saved in /etc/ssh/ssh_host_ecdsa_key.pub.
[   14.831803] cloud-init[1008]: The key fingerprint is:
[   14.833124] cloud-init[1008]: SHA256:P0/HXqIUdOd0c6epk1WSfp8vZNdQMDEbX0FJOVQSf/M root@ubuntu-xenial
[   14.834607] cloud-init[1008]: The key's randomart image is:
[[0;32m  OK  [0m] Listening on Socket activation for snappy daemon.
[   14.835780] cloud-init[1008]: +---[ECDSA 256]---+
[[   14.836952] [0;32m  OK  [0mcloud-init] [1008]: Listening on LXD - unix socket.|              %OB|

[   14.842926] [cloud-init[0;32m  OK  [0m[1008]: ] |               &o|Reached target Sockets.

[   14.843590] [cloud-init[0;32m  OK  [0m[1008]: ] |            . =+%|Reached target Basic System.

[   14.845284] cloud-init[1008]: |           . o.OO|
[   14.847915] cloud-init[1008]: |        S   . =.E|
[   14.856484] cloud-init[1008]: |         .   *o.=|
[[0;32m  OK  [0m] Started ACPI event daemon.
[   14.856698] cloud-init[1008]: |          o *o+oo|
[   14.870236]          cloud-initStarting LXD - container startup/shutdown...[1008]: 
|           = =.o.|
[   14.873819] cloud-init[1008]: |            o ...|
[   14.875892] cloud-init[1008]: +----[SHA256]-----+
[   14.878139] [cloud-init[0;32m  OK  [0m[1008]: ] Generating public/private ed25519 key pair.Started Regular background program processing daemon.

[   14.878395] cloud-init[1008]: Your identification has been saved in /etc/ssh/ssh_host_ed25519_key.
[   14.889501] cloud-init[1008]: Your public key has been saved in /etc/ssh/ssh_host_ed25519_key.pub.
[   14.891237]          cloud-initStarting Login Service...[1008]: 
The key fingerprint is:
[   14.893084]          cloud-initStarting System Logging Service...[1008]: 
SHA256:04l2lMqUZd7yS46KoBsbScBXWApUirZvZyB50OhRGko root@ubuntu-xenial
[   14.895589] cloud-init[1008]: The key's randomart image is:
[   14.900777] cloud-init[1008]: +--[ED25519 256]--+
[   14.901165] cloud-init[1008]: |.E.ooo    o      |
[   14.901523] cloud-init[1008]: |= O.o    = o     |
[   14.901887] cloud-init[1008]: |+O +    o = .    |
[   14.902217] cloud-init[1008]: |o.*    o = +     |
[   14.903520] cloud-init[1008]: | =.o    S + o    |
[   14.903929] cloud-init[1008]: | .+..  . o + .   |
[   14.904481] cloud-init[1008]: |  +o.o    . o    |
[   14.904818] cloud-init[1008]: |  .=o. . .       |
[   14.905290] cloud-init[1008]: |  +.  . .        |
[   14.906123] cloud-init[1008]: +----[SHA256]-----+
         Starting /etc/rc.local Compatibility...
         Starting LSB: MD monitoring daemon...
         Starting LSB: Record successful boot for GRUB...
         Starting Pollinate to seed the pseudo random number generator...
         Starting Accounts Service...
         Starting Virtualbox guest utils...
[[0;32m  OK  [0m] Started Deferred execution scheduler.
[[0;32m  OK  [0m] Started FUSE filesystem for LXC.
[[0;32m  OK  [0m] Started D-Bus System Message Bus.
         Starting Snap Daemon...
[[0;32m  OK  [0m] Started System Logging Service.
[[0;32m  OK  [0m] Started iSCSI initiator daemon (iscsid).
[[0;32m  OK  [0m] Started /etc/rc.local Compatibility.
[[0;32m  OK  [0m] Started Login Service.
[[0;32m  OK  [0m] Started Unattended Upgrades Shutdown.
         Starting Authenticate and Authorize Users to Run Privileged Tasks...
         Starting Login to default iSCSI targets...
[[0;32m  OK  [0m] Started LSB: MD monitoring daemon.
[[0;32m  OK  [0m] Started LSB: Record successful boot for GRUB.
[[0;32m  OK  [0m] Started LXD - container startup/shutdown.
[[0;32m  OK  [0m] Started Login to default iSCSI targets.
[[0;32m  OK  [0m] Reached target Remote File Systems (Pre).
[[0;32m  OK  [0m] Reached target Remote File Systems.
         Starting LSB: automatic crash report generation...
         Starting LSB: Set the CPU Frequency Scaling governor to "ondemand"...
         Starting Permit User Sessions...
         Starting LSB: daemon to balance interrupts for SMP systems...
[[0;32m  OK  [0m] Started Permit User Sessions.
[[0;32m  OK  [0m] Started Authenticate and Authorize Users to Run Privileged Tasks.
[[0;32m  OK  [0m] Started Accounts Service.
         Starting Terminate Plymouth Boot Screen...
         Starting Hold until boot process finishes up...
[[0;32m  OK  [0m] Started Hold until boot process finishes up.
[[0;32m  OK  [0m] Started Terminate Plymouth Boot Screen.
[[0;32m  OK  [0m] Started Serial Getty on ttyS0.
[[0;32m  OK  [0m] Started Getty on tty1.
[[0;32m  OK  [0m] Reached target Login Prompts.
         Starting Set console scheme...
[[0;32m  OK  [0m] Started LSB: Set the CPU Frequency Scaling governor to "ondemand".
[[0;32m  OK  [0m] Started Set console scheme.
[[0;32m  OK  [0m] Started Virtualbox guest utils.
[[0;32m  OK  [0m] Started LSB: daemon to balance interrupts for SMP systems.
[[0;32m  OK  [0m] Started LSB: automatic crash report generation.
[[0;32m  OK  [0m] Started Snap Daemon.
         Starting Wait until snapd is fully seeded...
[[0;32m  OK  [0m] Started Pollinate to seed the pseudo random number generator.
         Starting OpenBSD Secure Shell server...
[[0;32m  OK  [0m] Started OpenBSD Secure Shell server.
[[0;32m  OK  [0m] Started Wait until snapd is fully seeded.
         Starting Apply the settings specified in cloud-config...
[[0;32m  OK  [0m] Reached target Multi-User System.
[[0;32m  OK  [0m] Reached target Graphical Interface.
         Starting Update UTMP about System Runlevel Changes...
[[0;32m  OK  [0m] Started Update UTMP about System Runlevel Changes.
[   16.876772] cloud-init[1359]: Generating locales (this might take a while)...
[   17.708142] cloud-init[1359]:   en_US.UTF-8... done
[   17.710079] cloud-init[1359]: Generation complete.
[   18.069367] cloud-init[1359]: Cloud-init v. 21.1-19-gbad84ad4-0ubuntu1~16.04.2 running 'modules:config' at Mon, 30 Oct 2023 20:11:58 +0000. Up 16.75 seconds.
[[0;32m  OK  [0m] Started Apply the settings specified in cloud-config.
         Starting Execute cloud user/final scripts...
ci-info: no authorized SSH keys fingerprints found for user ubuntu.
<14>Oct 30 20:12:00 ec2: 
<14>Oct 30 20:12:00 ec2: #############################################################
<14>Oct 30 20:12:00 ec2: -----BEGIN SSH HOST KEY FINGERPRINTS-----
<14>Oct 30 20:12:00 ec2: 1024 SHA256:U8yvmvu/h3Px+cmY7RlemSrpkba4rC998NaU9L0p/DQ root@ubuntu-xenial (DSA)
<14>Oct 30 20:12:00 ec2: 256 SHA256:P0/HXqIUdOd0c6epk1WSfp8vZNdQMDEbX0FJOVQSf/M root@ubuntu-xenial (ECDSA)
<14>Oct 30 20:12:00 ec2: 256 SHA256:04l2lMqUZd7yS46KoBsbScBXWApUirZvZyB50OhRGko root@ubuntu-xenial (ED25519)
<14>Oct 30 20:12:00 ec2: 2048 SHA256:cIceaH5/06AyySvAv7zQ5U9kfXwvlMiu9F4a6cUEByo root@ubuntu-xenial (RSA)
<14>Oct 30 20:12:00 ec2: -----END SSH HOST KEY FINGERPRINTS-----
<14>Oct 30 20:12:00 ec2: #############################################################
-----BEGIN SSH HOST KEY KEYS-----
ecdsa-sha2-nistp256 AAAAE2VjZHNhLXNoYTItbmlzdHAyNTYAAAAIbmlzdHAyNTYAAABBBM6NF9AXodCJ83fKfQbYPTq+311OOtmoW4a8FXTRw4y8vm15vNLyAV9PIXT2pRQTj26LRvOBHsBps1PSqk087nE= root@ubuntu-xenial
ssh-ed25519 AAAAC3NzaC1lZDI1NTE5AAAAIAVtYc3I0gTEjG9Kf7ly3Wx0SRiScm9uMqHhRVRgvT9A root@ubuntu-xenial
ssh-rsa AAAAB3NzaC1yc2EAAAADAQABAAABAQDieRWsuK+HAqFmB2CVWsBzATFRcz6Ug/AJ2Zow9xXOECglGf0W9S0KZrqVsnsB/v0rWxMYBikRyqtzjz/ZbZY3T8fk3JirCuUt/oqkriuKuwwKvCa9xVh+nfnrrtI+55H2HN0J+4LUpy14eilrTGMcsuSFAyq53XSOPJASWej/qgaIyPJ9uanv56bG4cioMYjFIufYerTTEkHAioehOJ3WvCDnzdtAt0gSYERNWIkfDcFX1nfi20Wtv1/JFc/p3N9+ArRIKdGColfOm2GVvE3fyIUW4FYbBTwQ5RiUML0HtkfaooHyGiOb3VgeSqiX3Y43MF2RvbmfVzdkdTLwBzYN root@ubuntu-xenial
-----END SSH HOST KEY KEYS-----
[   18.663024] cloud-init[1404]: Cloud-init v. 21.1-19-gbad84ad4-0ubuntu1~16.04.2 running 'modules:final' at Mon, 30 Oct 2023 20:11:59 +0000. Up 18.48 seconds.
[   18.665370] cloud-init[1404]: ci-info: no authorized SSH keys fingerprints found for user ubuntu.
[   18.667235] cloud-init[1404]: Cloud-init v. 21.1-19-gbad84ad4-0ubuntu1~16.04.2 finished at Mon, 30 Oct 2023 20:12:00 +0000. Datasource DataSourceNoCloud [seed=/dev/sdb][dsmode=net].  Up 18.65 seconds
[[0;32m  OK  [0m] Started Execute cloud user/final scripts.
[[0;32m  OK  [0m] Reached target Cloud-init target.

Ubuntu 16.04.7 LTS ubuntu-xenial ttyS0

ubuntu-xenial login: 