[    0.000000] Initializing cgroup subsys cpuset
[    0.000000] Initializing cgroup subsys cpu
[    0.000000] Initializing cgroup subsys cpuacct
[    0.000000] Linux version 4.4.0-210-generic (buildd@lgw01-amd64-009) (gcc version 5.4.0 20160609 (Ubuntu 5.4.0-6ubuntu1~16.04.12) ) #242-Ubuntu SMP Fri Apr 16 09:57:56 UTC 2021 (Ubuntu 4.4.0-210.242-generic 4.4.262)
[    0.000000] Command line: BOOT_IMAGE=/boot/vmlinuz-4.4.0-210-generic root=LABEL=cloudimg-rootfs ro console=tty1 console=ttyS0
[    0.000000] KERNEL supported cpus:
[    0.000000]   Intel GenuineIntel
[    0.000000]   AMD AuthenticAMD
[    0.000000]   Centaur CentaurHauls
[    0.000000] x86/fpu: Supporting XSAVE feature 0x01: 'x87 floating point registers'
[    0.000000] x86/fpu: Supporting XSAVE feature 0x02: 'SSE registers'
[    0.000000] x86/fpu: Enabled xstate features 0x3, context size is 576 bytes, using 'standard' format.
[    0.000000] e820: BIOS-provided physical RAM map:
[    0.000000] BIOS-e820: [mem 0x0000000000000000-0x000000000009fbff] usable
[    0.000000] BIOS-e820: [mem 0x000000000009fc00-0x000000000009ffff] reserved
[    0.000000] BIOS-e820: [mem 0x00000000000f0000-0x00000000000fffff] reserved
[    0.000000] BIOS-e820: [mem 0x0000000000100000-0x000000007cfeffff] usable
[    0.000000] BIOS-e820: [mem 0x000000007cff0000-0x000000007cffffff] ACPI data
[    0.000000] BIOS-e820: [mem 0x00000000fec00000-0x00000000fec00fff] reserved
[    0.000000] BIOS-e820: [mem 0x00000000fee00000-0x00000000fee00fff] reserved
[    0.000000] BIOS-e820: [mem 0x00000000fffc0000-0x00000000ffffffff] reserved
[    0.000000] NX (Execute Disable) protection: active
[    0.000000] SMBIOS 2.5 present.
[    0.000000] Hypervisor detected: KVM
[    0.000000] e820: last_pfn = 0x7cff0 max_arch_pfn = 0x400000000
[    0.000000] MTRR: Disabled
[    0.000000] x86/PAT: MTRRs disabled, skipping PAT initialization too.
[    0.000000] CPU MTRRs all blank - virtualized system.
[    0.000000] x86/PAT: Configuration [0-7]: WB  WT  UC- UC  WB  WT  UC- UC  
[    0.000000] found SMP MP-table at [mem 0x0009fff0-0x0009ffff] mapped at [ffff88000009fff0]
[    0.000000] Scanning 1 areas for low memory corruption
[    0.000000] RAMDISK: [mem 0x362dc000-0x37165fff]
[    0.000000] ACPI: Early table checksum verification disabled
[    0.000000] ACPI: RSDP 0x00000000000E0000 000024 (v02 VBOX  )
[    0.000000] ACPI: XSDT 0x000000007CFF0030 00003C (v01 VBOX   VBOXXSDT 00000001 ASL  00000061)
[    0.000000] ACPI: FACP 0x000000007CFF00F0 0000F4 (v04 VBOX   VBOXFACP 00000001 ASL  00000061)
[    0.000000] ACPI: DSDT 0x000000007CFF0610 002353 (v02 VBOX   VBOXBIOS 00000002 INTL 20230628)
[    0.000000] ACPI: FACS 0x000000007CFF0200 000040
[    0.000000] ACPI: FACS 0x000000007CFF0200 000040
[    0.000000] ACPI: APIC 0x000000007CFF0240 00005C (v02 VBOX   VBOXAPIC 00000001 ASL  00000061)
[    0.000000] ACPI: SSDT 0x000000007CFF02A0 00036C (v01 VBOX   VBOXCPUT 00000002 INTL 20230628)
[    0.000000] No NUMA configuration found
[    0.000000] Faking a node at [mem 0x0000000000000000-0x000000007cfeffff]
[    0.000000] NODE_DATA(0) allocated [mem 0x7cfeb000-0x7cfeffff]
[    0.000000] kvm-clock: Using msrs 4b564d01 and 4b564d00
[    0.000000] kvm-clock: cpu 0, msr 0:7cfe3001, primary cpu clock
[    0.000000] kvm-clock: using sched offset of 3102138809 cycles
[    0.000000] clocksource: kvm-clock: mask: 0xffffffffffffffff max_cycles: 0x1cd42e4dffb, max_idle_ns: 881590591483 ns
[    0.000000] Zone ranges:
[    0.000000]   DMA      [mem 0x0000000000001000-0x0000000000ffffff]
[    0.000000]   DMA32    [mem 0x0000000001000000-0x000000007cfeffff]
[    0.000000]   Normal   empty
[    0.000000]   Device   empty
[    0.000000] Movable zone start for each node
[    0.000000] Early memory node ranges
[    0.000000]   node   0: [mem 0x0000000000001000-0x000000000009efff]
[    0.000000]   node   0: [mem 0x0000000000100000-0x000000007cfeffff]
[    0.000000] Initmem setup node 0 [mem 0x0000000000001000-0x000000007cfeffff]
[    0.000000] ACPI: PM-Timer IO Port: 0x4008
[    0.000000] IOAPIC[0]: apic_id 2, version 32, address 0xfec00000, GSI 0-23
[    0.000000] ACPI: INT_SRC_OVR (bus 0 bus_irq 0 global_irq 2 dfl dfl)
[    0.000000] ACPI: INT_SRC_OVR (bus 0 bus_irq 9 global_irq 9 low level)
[    0.000000] Using ACPI (MADT) for SMP configuration information
[    0.000000] smpboot: Allowing 2 CPUs, 0 hotplug CPUs
[    0.000000] PM: Registered nosave memory: [mem 0x00000000-0x00000fff]
[    0.000000] PM: Registered nosave memory: [mem 0x0009f000-0x0009ffff]
[    0.000000] PM: Registered nosave memory: [mem 0x000a0000-0x000effff]
[    0.000000] PM: Registered nosave memory: [mem 0x000f0000-0x000fffff]
[    0.000000] e820: [mem 0x7d000000-0xfebfffff] available for PCI devices
[    0.000000] Booting paravirtualized kernel on KVM
[    0.000000] clocksource: refined-jiffies: mask: 0xffffffff max_cycles: 0xffffffff, max_idle_ns: 7645519600211568 ns
[    0.000000] setup_percpu: NR_CPUS:512 nr_cpumask_bits:512 nr_cpu_ids:2 nr_node_ids:1
[    0.000000] PERCPU: Embedded 33 pages/cpu @ffff88007cc00000 s95192 r8192 d31784 u1048576
[    0.000000] Built 1 zonelists in Node order, mobility grouping on.  Total pages: 503864
[    0.000000] Policy zone: DMA32
[    0.000000] Kernel command line: BOOT_IMAGE=/boot/vmlinuz-4.4.0-210-generic root=LABEL=cloudimg-rootfs ro console=tty1 console=ttyS0
[    0.000000] PID hash table entries: 4096 (order: 3, 32768 bytes)
[    0.000000] Memory: 1980832K/2047544K available (8644K kernel code, 1332K rwdata, 4044K rodata, 1492K init, 1164K bss, 66712K reserved, 0K cma-reserved)
[    0.000000] SLUB: HWalign=64, Order=0-3, MinObjects=0, CPUs=2, Nodes=1
[    0.000000] Kernel/User page tables isolation: enabled
[    0.000000] Hierarchical RCU implementation.
[    0.000000] 	Build-time adjustment of leaf fanout to 64.
[    0.000000] 	RCU restricting CPUs from NR_CPUS=512 to nr_cpu_ids=2.
[    0.000000] RCU: Adjusting geometry for rcu_fanout_leaf=64, nr_cpu_ids=2
[    0.000000] NR_IRQS:33024 nr_irqs:440 16
[    0.000000] Console: colour VGA+ 80x25
[    0.000000] console [tty1] enabled
[    0.000000] console [ttyS0] enabled
[    0.000000] tsc: Detected 1113.599 MHz processor
[    0.247020] Calibrating delay loop (skipped) preset value.. 2227.19 BogoMIPS (lpj=4454396)
[    0.249521] pid_max: default: 32768 minimum: 301
[    0.250930] ACPI: Core revision 20150930
[    0.253329] ACPI: 2 ACPI AML tables successfully acquired and loaded
[    0.255234] Security Framework initialized
[    0.256442] Yama: becoming mindful.
[    0.257547] AppArmor: AppArmor initialized
[    0.259245] Dentry cache hash table entries: 262144 (order: 9, 2097152 bytes)
[    0.261472] Inode-cache hash table entries: 131072 (order: 8, 1048576 bytes)
[    0.263893] Mount-cache hash table entries: 4096 (order: 3, 32768 bytes)
[    0.265779] Mountpoint-cache hash table entries: 4096 (order: 3, 32768 bytes)
[    0.267727] Initializing cgroup subsys io
[    0.268931] Initializing cgroup subsys memory
[    0.270258] Initializing cgroup subsys devices
[    0.271526] Initializing cgroup subsys freezer
[    0.272800] Initializing cgroup subsys net_cls
[    0.274082] Initializing cgroup subsys perf_event
[    0.275397] Initializing cgroup subsys net_prio
[    0.276683] Initializing cgroup subsys hugetlb
[    0.277965] Initializing cgroup subsys pids
[    0.288752] mce: CPU supports 0 MCE banks
[    0.290070] Last level iTLB entries: 4KB 0, 2MB 0, 4MB 0
[    0.291561] Last level dTLB entries: 4KB 0, 2MB 0, 4MB 0, 1GB 0
[    0.293293] Spectre V1 : Mitigation: usercopy/swapgs barriers and __user pointer sanitization
[    0.295872] Spectre V2 : Mitigation: Full generic retpoline
[    0.297465] Spectre V2 : Spectre v2 / SpectreRSB mitigation: Filling RSB on context switch
[    0.299965] Speculative Store Bypass: Vulnerable
[    0.301634] MDS: Mitigation: Clear CPU buffers
[    0.307731] Freeing SMP alternatives memory: 36K
[    0.319960] ftrace: allocating 32380 entries in 127 pages
[    0.418214] smpboot: APIC(0) Converting physical 0 to logical package 0
[    0.420045] smpboot: Max logical packages: 1
[    0.421750] x2apic enabled
[    0.423159] Switched APIC routing to physical x2apic.
[    0.426451] ..TIMER: vector=0x30 apic1=0 pin1=2 apic2=-1 pin2=-1
[    0.536259] smpboot: CPU0: Intel(R) Celeron(R) N5100 @ 1.10GHz (family: 0x6, model: 0x9c, stepping: 0x0)
[    0.545197] Performance Events: unsupported p6 CPU model 156 no PMU driver, software events only.
[    0.567287] KVM setup paravirtual spinlock
[    0.572885] x86: Booting SMP configuration:
[    0.577360] .... node  #0, CPUs:      #1
[    0.581210] kvm-clock: cpu 1, msr 0:7cfe3041, secondary cpu clock
[    0.614559] mce: CPU supports 0 MCE banks
[    0.620029] x86: Booted up 1 node, 2 CPUs
[    0.623234] smpboot: Total of 2 processors activated (4454.39 BogoMIPS)
[    0.626771] devtmpfs: initialized
[    0.632022] evm: security.selinux
[    0.633450] evm: security.SMACK64
[    0.634858] evm: security.SMACK64EXEC
[    0.637121] evm: security.SMACK64TRANSMUTE
[    0.639362] evm: security.SMACK64MMAP
[    0.641564] evm: security.ima
[    0.643300] evm: security.capability
[    0.645305] clocksource: jiffies: mask: 0xffffffff max_cycles: 0xffffffff, max_idle_ns: 7645041785100000 ns
[    0.650092] futex hash table entries: 512 (order: 3, 32768 bytes)
[    0.653144] pinctrl core: initialized pinctrl subsystem
[    0.655890] RTC time: 16:16:11, date: 11/12/23
[    0.658475] NET: Registered protocol family 16
[    0.672628] cpuidle: using governor ladder
[    0.684325] cpuidle: using governor menu
[    0.685556] PCCT header not found.
[    0.686754] ACPI: bus type PCI registered
[    0.687958] acpiphp: ACPI Hot Plug PCI Controller Driver version: 0.5
[    0.689817] PCI: Using configuration type 1 for base access
[    0.705325] ACPI: Added _OSI(Module Device)
[    0.706689] ACPI: Added _OSI(Processor Device)
[    0.707965] ACPI: Added _OSI(3.0 _SCP Extensions)
[    0.709327] ACPI: Added _OSI(Processor Aggregator Device)
[    0.711580] ACPI: Executed 1 blocks of module-level executable AML code
[    0.715859] ACPI: Interpreter enabled
[    0.717125] ACPI: (supports S0 S5)
[    0.718353] ACPI: Using IOAPIC for interrupt routing
[    0.719957] PCI: Using host bridge windows from ACPI; if necessary, use "pci=nocrs" and report a bug
[    0.726799] ACPI: PCI Root Bridge [PCI0] (domain 0000 [bus 00-ff])
[    0.728460] acpi PNP0A03:00: _OSC: OS supports [ASPM ClockPM Segments MSI]
[    0.730579] acpi PNP0A03:00: _OSC: not requesting OS control; OS requires [ExtendedConfig ASPM ClockPM MSI]
[    0.733282] acpi PNP0A03:00: fail to add MMCONFIG information, can't access extended PCI configuration space under this bridge.
[    0.736736] PCI host bridge to bus 0000:00
[    0.737958] pci_bus 0000:00: root bus resource [io  0x0000-0x0cf7 window]
[    0.739720] pci_bus 0000:00: root bus resource [io  0x0d00-0xffff window]
[    0.741516] pci_bus 0000:00: root bus resource [mem 0x000a0000-0x000bffff window]
[    0.743772] pci_bus 0000:00: root bus resource [mem 0x7d000000-0xfdffffff window]
[    0.746036] pci_bus 0000:00: root bus resource [bus 00-ff]
[    0.749724] pci 0000:00:01.1: legacy IDE quirk: reg 0x10: [io  0x01f0-0x01f7]
[    0.751591] pci 0000:00:01.1: legacy IDE quirk: reg 0x14: [io  0x03f6]
[    0.753353] pci 0000:00:01.1: legacy IDE quirk: reg 0x18: [io  0x0170-0x0177]
[    0.755209] pci 0000:00:01.1: legacy IDE quirk: reg 0x1c: [io  0x0376]
[    0.794479] pci 0000:00:07.0: quirk: [io  0x4000-0x403f] claimed by PIIX4 ACPI
[    0.813637] pci 0000:00:07.0: quirk: [io  0x4100-0x410f] claimed by PIIX4 SMB
[    0.837174] ACPI: PCI Interrupt Link [LNKA] (IRQs 5 9 10 *11)
[    0.839766] ACPI: PCI Interrupt Link [LNKB] (IRQs 5 9 *10 11)
[    0.842053] ACPI: PCI Interrupt Link [LNKC] (IRQs 5 *9 10 11)
[    0.844345] ACPI: PCI Interrupt Link [LNKD] (IRQs 5 9 10 *11)
[    0.846647] ACPI: Enabled 2 GPEs in block 00 to 07
[    0.848573] vgaarb: setting as boot device: PCI:0000:00:02.0
[    0.850097] vgaarb: device added: PCI:0000:00:02.0,decodes=io+mem,owns=io+mem,locks=none
[    0.852447] vgaarb: loaded
[    0.853403] vgaarb: bridge control possible 0000:00:02.0
[    0.855296] SCSI subsystem initialized
[    0.856605] ACPI: bus type USB registered
[    0.857824] usbcore: registered new interface driver usbfs
[    0.859309] usbcore: registered new interface driver hub
[    0.860788] usbcore: registered new device driver usb
[    0.862396] PCI: Using ACPI for IRQ routing
[    0.864002] NetLabel: Initializing
[    0.865100] NetLabel:  domain hash size = 128
[    0.866354] NetLabel:  protocols = UNLABELED CIPSOv4
[    0.867735] NetLabel:  unlabeled traffic allowed by default
[    0.869513] amd_nb: Cannot enumerate AMD northbridges
[    0.871000] clocksource: Switched to clocksource kvm-clock
[    0.879221] AppArmor: AppArmor Filesystem Enabled
[    0.880718] pnp: PnP ACPI init
[    0.882733] pnp: PnP ACPI: found 3 devices
[    0.893484] clocksource: acpi_pm: mask: 0xffffff max_cycles: 0xffffff, max_idle_ns: 2085701024 ns
[    0.896055] NET: Registered protocol family 2
[    0.897569] TCP established hash table entries: 16384 (order: 5, 131072 bytes)
[    0.899828] TCP bind hash table entries: 16384 (order: 6, 262144 bytes)
[    0.901584] TCP: Hash tables configured (established 16384 bind 16384)
[    0.903344] UDP hash table entries: 1024 (order: 3, 32768 bytes)
[    0.904941] UDP-Lite hash table entries: 1024 (order: 3, 32768 bytes)
[    0.906824] NET: Registered protocol family 1
[    0.908108] pci 0000:00:00.0: Limiting direct PCI/PCI transfers
[    0.909713] pci 0000:00:01.0: Activating ISA DMA hang workarounds
[    0.911483] Unpacking initramfs...
[    1.207805] Freeing initrd memory: 14888K
[    1.209426] clocksource: tsc: mask: 0xffffffffffffffff max_cycles: 0x100d47dceae, max_idle_ns: 440795244181 ns
[    1.212262] platform rtc_cmos: registered platform RTC device (no PNP device found)
[    1.214586] Scanning for low memory corruption every 60 seconds
[    1.216614] audit: initializing netlink subsys (disabled)
[    1.218156] audit: type=2000 audit(1699805776.500:1): initialized
[    1.220110] Initialise system trusted keyring
[    1.221594] HugeTLB registered 2 MB page size, pre-allocated 0 pages
[    1.224724] zbud: loaded
[    1.226020] VFS: Disk quotas dquot_6.6.0
[    1.227250] VFS: Dquot-cache hash table entries: 512 (order 0, 4096 bytes)
[    1.229326] squashfs: version 4.0 (2009/01/31) Phillip Lougher
[    1.231262] fuse init (API version 7.23)
[    1.232585] Key type big_key registered
[    1.233812] Allocating IMA MOK and blacklist keyrings.
[    1.235907] Key type asymmetric registered
[    1.237179] Asymmetric key parser 'x509' registered
[    1.238854] Block layer SCSI generic (bsg) driver version 0.4 loaded (major 249)
[    1.241168] io scheduler noop registered
[    1.242470] io scheduler deadline registered (default)
[    1.243942] io scheduler cfq registered
[    1.245229] pci_hotplug: PCI Hot Plug PCI Core version: 0.5
[    1.246739] pciehp: PCI Express Hot Plug Controller Driver version: 0.4
[    1.248673] ACPI: AC Adapter [AC] (on-line)
[    1.250013] input: Power Button as /devices/LNXSYSTM:00/LNXPWRBN:00/input/input0
[    1.252288] ACPI: Power Button [PWRF]
[    1.253487] input: Sleep Button as /devices/LNXSYSTM:00/LNXSLPBN:00/input/input1
[    1.255649] ACPI: Sleep Button [SLPF]
[    1.258000] ACPI: Battery Slot [BAT0] (battery present)
[    1.260128] GHES: HEST is not enabled!
[    1.262293] Serial: 8250/16550 driver, 32 ports, IRQ sharing enabled
[    1.285127] 00:02: ttyS0 at I/O 0x3f8 (irq = 4, base_baud = 115200) is a 16550A
[    1.289691] Linux agpgart interface v0.103
[    1.299861] loop: module loaded
[    1.301836] scsi host0: ata_piix
[    1.303141] scsi host1: ata_piix
[    1.304446] ata1: PATA max UDMA/33 cmd 0x1f0 ctl 0x3f6 bmdma 0xd000 irq 14
[    1.306267] ata2: PATA max UDMA/33 cmd 0x170 ctl 0x376 bmdma 0xd008 irq 15
[    1.308183] libphy: Fixed MDIO Bus: probed
[    1.309484] tun: Universal TUN/TAP device driver, 1.6
[    1.310877] tun: (C) 1999-2004 Max Krasnyansky <maxk@qualcomm.com>
[    1.312722] PPP generic driver version 2.4.2
[    1.314097] ehci_hcd: USB 2.0 'Enhanced' Host Controller (EHCI) Driver
[    1.315809] ehci-pci: EHCI PCI platform driver
[    1.317185] ehci-platform: EHCI generic platform driver
[    1.318923] ohci_hcd: USB 1.1 'Open' Host Controller (OHCI) Driver
[    1.320611] ohci-pci: OHCI PCI platform driver
[    1.322140] ohci-platform: OHCI generic platform driver
[    1.323596] uhci_hcd: USB Universal Host Controller Interface driver
[    1.325317] i8042: PNP: PS/2 Controller [PNP0303:PS2K,PNP0f03:PS2M] at 0x60,0x64 irq 1,12
[    1.328405] serio: i8042 KBD port at 0x60,0x64 irq 1
[    1.329932] serio: i8042 AUX port at 0x60,0x64 irq 12
[    1.331605] mousedev: PS/2 mouse device common for all mice
[    1.333581] input: AT Translated Set 2 keyboard as /devices/platform/i8042/serio0/input/input2
[    1.336632] rtc_cmos rtc_cmos: rtc core: registered rtc_cmos as rtc0
[    1.338381] rtc_cmos rtc_cmos: alarms up to one day, 114 bytes nvram
[    1.340149] i2c /dev entries driver
[    1.341370] device-mapper: uevent: version 1.0.3
[    1.342812] device-mapper: ioctl: 4.34.0-ioctl (2015-10-28) initialised: dm-devel@redhat.com
[    1.345344] ledtrig-cpu: registered to indicate activity on CPUs
[    1.347334] NET: Registered protocol family 10
[    1.348853] NET: Registered protocol family 17
[    1.350170] Key type dns_resolver registered
[    1.351872] registered taskstats version 1
[    1.353178] Loading compiled-in X.509 certificates
[    1.355333] Loaded X.509 cert 'Build time autogenerated kernel key: cf00e047681d67edb2720680708b7d9498083038'
[    1.358012] zswap: loaded using pool lzo/zbud
[    1.361880] Key type trusted registered
[    1.368447] Key type encrypted registered
[    1.369736] AppArmor: AppArmor sha1 policy hashing enabled
[    1.371312] ima: No TPM chip found, activating TPM-bypass!
[    1.372814] ima: Allocated hash algorithm: sha1
[    1.374131] evm: HMAC attrs: 0x1
[    1.375586]   Magic number: 15:349:287
[    1.376775] tty tty20: hash matches
[    1.377884] acpi PNP0400:00: hash matches
[    1.379195] rtc_cmos rtc_cmos: setting system clock to 2023-11-12 16:16:12 UTC (1699805772)
[    1.381788] BIOS EDD facility v0.16 2004-Jun-25, 0 devices found
[    1.383425] EDD information not available.
[    1.506019] Freeing unused kernel memory: 1492K
[    1.511756] Write protecting the kernel read-only data: 14336k
[    1.521296] Freeing unused kernel memory: 1584K
[    1.526885] Freeing unused kernel memory: 52K
Loading, please wait...
starting version 229
[    1.572627] random: systemd-udevd: uninitialized urandom read (16 bytes read, 3 bits of entropy available)
[    1.573849] random: udevadm: uninitialized urandom read (16 bytes read, 3 bits of entropy available)
[    1.573904] random: udevadm: uninitialized urandom read (16 bytes read, 3 bits of entropy available)
[    1.583820] random: systemd-udevd: uninitialized urandom read (16 bytes read, 3 bits of entropy available)
[    1.587068] random: systemd-udevd: uninitialized urandom read (16 bytes read, 3 bits of entropy available)
[    1.590719] random: systemd-udevd: uninitialized urandom read (16 bytes read, 3 bits of entropy available)
[    1.592755] random: udevadm: uninitialized urandom read (16 bytes read, 3 bits of entropy available)
[    1.592852] random: udevadm: uninitialized urandom read (16 bytes read, 3 bits of entropy available)
[    1.593145] random: udevadm: uninitialized urandom read (16 bytes read, 3 bits of entropy available)
[    1.593257] random: udevadm: uninitialized urandom read (16 bytes read, 3 bits of entropy available)
[    1.676820] Fusion MPT base driver 3.04.20
[    1.678983] Copyright (c) 1999-2008 LSI Corporation
[    1.695825] Fusion MPT SPI Host driver 3.04.20
[    1.695872] e1000: Intel(R) PRO/1000 Network Driver - version 7.3.21-k8-NAPI
[    1.695872] e1000: Copyright (c) 1999-2006 Intel Corporation.
[    1.734011] SSE version of gcm_enc/dec engaged.
[    1.904621] input: ImExPS/2 Generic Explorer Mouse as /devices/platform/i8042/serio1/input/input4
[    2.253516] e1000 0000:00:03.0 eth0: (PCI:33MHz:32-bit) 02:be:82:6b:cc:1d
[    2.257372] e1000 0000:00:03.0 eth0: Intel(R) PRO/1000 Network Connection
[    3.166641] e1000 0000:00:08.0 eth1: (PCI:33MHz:32-bit) 08:00:27:77:05:72
[    3.169201] e1000 0000:00:08.0 eth1: Intel(R) PRO/1000 Network Connection
[    3.171951] mptbase: ioc0: Initiating bringup
[    3.173035] e1000 0000:00:03.0 enp0s3: renamed from eth0
[    3.188791] e1000 0000:00:08.0 enp0s8: renamed from eth1
[    3.244129] ioc0: LSI53C1030 A0: Capabilities={Initiator}
[    3.415449] scsi host2: ioc0: LSI53C1030 A0, FwRev=00000000h, Ports=1, MaxQ=256, IRQ=20
[    3.528654] scsi 2:0:0:0: Direct-Access     VBOX     HARDDISK         1.0  PQ: 0 ANSI: 5
[    3.533019] scsi target2:0:0: Beginning Domain Validation
[    3.537561] scsi target2:0:0: Domain Validation skipping write tests
[    3.543595] scsi target2:0:0: Ending Domain Validation
[    3.546873] scsi target2:0:0: asynchronous
[    3.554272] scsi 2:0:1:0: Direct-Access     VBOX     HARDDISK         1.0  PQ: 0 ANSI: 5
[    3.557533] scsi target2:0:1: Beginning Domain Validation
[    3.579140] scsi target2:0:1: Domain Validation skipping write tests
[    3.583237] scsi target2:0:1: Ending Domain Validation
[    3.585208] scsi target2:0:1: asynchronous
[    3.605004] sd 2:0:0:0: Attached scsi generic sg0 type 0
[    3.607614] sd 2:0:1:0: Attached scsi generic sg1 type 0
[    3.609813] sd 2:0:0:0: [sda] 83886080 512-byte logical blocks: (42.9 GB/40.0 GiB)
[    3.616985] sd 2:0:1:0: [sdb] 20480 512-byte logical blocks: (10.5 MB/10.0 MiB)
[    3.617070] sd 2:0:0:0: [sda] Write Protect is off
[    3.617199] sd 2:0:0:0: [sda] Incomplete mode parameter data
[    3.617201] sd 2:0:0:0: [sda] Assuming drive cache: write through
[    3.620847]  sda: sda1
[    3.621779] sd 2:0:0:0: [sda] Attached SCSI disk
[    3.630600] sd 2:0:1:0: [sdb] Write Protect is off
[    3.632155] sd 2:0:1:0: [sdb] Incomplete mode parameter data
[    3.633683] sd 2:0:1:0: [sdb] Assuming drive cache: write through
[    3.637801] sd 2:0:1:0: [sdb] Attached SCSI disk
Begin: Loading essential drivers ... [    5.233616] md: linear personality registered for level -1
[    5.238650] md: multipath personality registered for level -4
[    5.243773] md: raid0 personality registered for level 0
[    5.250274] md: raid1 personality registered for level 1
[    5.323058] raid6: sse2x1   gen()  8615 MB/s
[    5.391026] raid6: sse2x1   xor()  5646 MB/s
[    5.459065] raid6: sse2x2   gen() 10416 MB/s
[    5.527030] raid6: sse2x2   xor()  6393 MB/s
[    5.596363] raid6: sse2x4   gen() 11059 MB/s
[    5.663050] raid6: sse2x4   xor()  6428 MB/s
[    5.664406] raid6: using algorithm sse2x4 gen() 11059 MB/s
[    5.665880] raid6: .... xor() 6428 MB/s, rmw enabled
[    5.667319] raid6: using ssse3x2 recovery algorithm
[    5.670094] xor: measuring software checksum speed
[    5.763046]    prefetch64-sse: 44460.000 MB/sec
[    5.847869]    generic_sse: 41783.000 MB/sec
[    5.849278] xor: using function: prefetch64-sse (44460.000 MB/sec)
[    5.852884] async_tx: api initialized (async)
[    5.865532] md: raid6 personality registered for level 6
[    5.867219] md: raid5 personality registered for level 5
[    5.868708] md: raid4 personality registered for level 4
[    5.879222] md: raid10 personality registered for level 10
done.
Begin: Running /scripts/init-premount ... done.
Begin: Mounting root file system ... Begin: Running /scripts/local-top ... done.
Begin: Running /scripts/local-premount ... [    5.925019] Btrfs loaded
Scanning for Btrfs filesystems
done.
Warning: fsck not present, so skipping root file system
[    5.962680] EXT4-fs (sda1): mounted filesystem with ordered data mode. Opts: (null)
done.
Begin: Running /scripts/local-bottom ... done.
Begin: Running /scripts/init-bottom ... done.
[    6.062325] systemd[1]: systemd 229 running in system mode. (+PAM +AUDIT +SELINUX +IMA +APPARMOR +SMACK +SYSVINIT +UTMP +LIBCRYPTSETUP +GCRYPT +GNUTLS +ACL +XZ -LZ4 +SECCOMP +BLKID +ELFUTILS +KMOD -IDN)
[    6.067126] systemd[1]: Detected virtualization oracle.
[    6.068593] systemd[1]: Detected architecture x86-64.

Welcome to [1mUbuntu 16.04.7 LTS[0m!

[    6.072331] systemd[1]: Set hostname to <ubuntu>.
[    6.075023] systemd[1]: Initializing machine ID from random generator.
[    6.076879] systemd[1]: Installed transient /etc/machine-id file.
[    6.229501] systemd[1]: Reached target System Time Synchronized.
[[0;32m  OK  [0m] Reached target System Time Synchronized.
[    6.232820] systemd[1]: Reached target User and Group Name Lookups.
[[0;32m  OK  [0m] Reached target User and Group Name Lookups.
[    6.237578] systemd[1]: Set up automount Arbitrary Executable File Formats File System Automount Point.
[[0;32m  OK  [0m] Set up automount Arbitrary Executab...ats File System Automount Point.
[    6.243707] systemd[1]: Listening on Journal Socket (/dev/log).
[[0;32m  OK  [0m] Listening on Journal Socket (/dev/log).
[    6.247976] systemd[1]: Listening on udev Kernel Socket.
[[0;32m  OK  [0m] Listening on udev Kernel Socket.
[    6.251600] systemd[1]: Started Forward Password Requests to Wall Directory Watch.
[[0;32m  OK  [0m] Started Forward Password Requests to Wall Directory Watch.
[    6.257004] systemd[1]: Listening on udev Control Socket.
[[0;32m  OK  [0m] Listening on udev Control Socket.
[    6.259898] systemd[1]: Listening on LVM2 metadata daemon socket.
[[0;32m  OK  [0m] Listening on LVM2 metadata daemon socket.
[    6.262852] systemd[1]: Listening on Journal Socket.
[[0;32m  OK  [0m] Listening on Journal Socket.
[    6.265534] systemd[1]: Listening on /dev/initctl Compatibility Named Pipe.
[[0;32m  OK  [0m] Listening on /dev/initctl Compatibility Named Pipe.
[    6.269268] systemd[1]: Started Trigger resolvconf update for networkd DNS.
[[0;32m  OK  [0m] Started Trigger resolvconf update for networkd DNS.
[    6.273078] systemd[1]: Listening on Device-mapper event daemon FIFOs.
[[0;32m  OK  [0m] Listening on Device-mapper event daemon FIFOs.
[    6.276842] systemd[1]: Reached target Swap.
[[0;32m  OK  [0m] Reached target Swap.
[    6.280653] systemd[1]: Created slice User and Session Slice.
[[0;32m  OK  [0m] Created slice User and Session Slice.
[    6.283857] systemd[1]: Listening on fsck to fsckd communication Socket.
[[0;32m  OK  [0m] Listening on fsck to fsckd communication Socket.
[    6.287714] systemd[1]: Listening on Syslog Socket.
[[0;32m  OK  [0m] Listening on Syslog Socket.
[    6.291071] systemd[1]: Created slice System Slice.
[[0;32m  OK  [0m] Created slice System Slice.
[    6.307300] systemd[1]: Starting Load Kernel Modules...
         Starting Load Kernel Modules...
[    6.311757] systemd[1]: Starting File System Check on Root Device...
         Starting File System Check on Root Device...
[    6.315317] systemd[1]: Reached target Slices.
[[0;32m  OK  [0m] Reached target Slices.
[    6.319417] systemd[1]: Starting Uncomplicated firewall...
         Starting Uncomplicated firewall...
[    6.324191] systemd[1]: Starting Set console keymap...
         Starting Set console keymap...
[    6.330262] systemd[1]: Created slice system-serial\x2dgetty.slice.
[[0;32m  OK  [0m] Created slice system-serial\x2dgetty.slice.
[    6.335634] systemd[1]: Starting Nameserver information manager...
         Starting Nameserver information manager...
[    6.339853] systemd[1]: Mounting Huge Pages File System...
         Mounting Huge Pages File System...
[    6.348369] systemd[1]: Mounting Debug File System...
         Mounting Debug File System...
[    6.352850] Loading iSCSI transport class v2.0-870.
[    6.353681] systemd[1]: Starting Monitoring of LVM2 mirrors, snapshots etc. using dmeventd or progress polling...
         Starting Monitoring of LVM2 mirrors... dmeventd or progress polling...
[    6.360491] systemd[1]: Starting Create list of required static device nodes for the current kernel...
         Starting Create list of required st... nodes for the current kernel...
[    6.365679] systemd[1]: Listening on Journal Audit Socket.
[[0;32m  OK  [0m] Listening on Journal Audit Socket.
[    6.369567] systemd[1]: Starting Journal Service...
         Starting Journal Service...
[    6.372175] systemd[1]: Listening on LVM2 poll daemon socket.
[[0;32m  OK  [0m] Listening on LVM2 poll daemon socket.
[    6.377602] systemd[1]: Mounting POSIX Message Queue File System...
         Mounting POSIX Message Queue File System...
[    6.380904] systemd[1]: Reached target Encrypted Volumes.
[[0;32m  OK  [0m] Reached target Encrypted Volumes.
[    6.389667] systemd[1]: Mounted Huge Pages File System.
[[0;32m  OK  [0m] Mounted Huge Pages File System.
[    6.394859] systemd[1]: Mounted POSIX Message Queue File System.
[[0;32m  OK  [0m] Mounted POSIX Message Queue File System.
[    6.399548] systemd[1]: Mounted Debug File System.
[[0;32m  OK  [0m] Mounted Debug File System.
[    6.402694] systemd[1]: Started Uncomplicated firewall.
[[0;32m  OK  [0m] Started Uncomplicated firewall.
[    6.407570] systemd[1]: Started Create list of required static device nodes for the current kernel.
[    6.410615] iscsi: registered transport (tcp)
[[0;32m  OK  [0m] Started Create list of required sta...ce nodes for the current kernel.
[    6.416512] systemd[1]: Started Nameserver information manager.
[[0;32m  OK  [0m] Started Nameserver information manager.
[    6.428703] systemd[1]: Started LVM2 metadata daemon.
[[0;32m  OK  [0m] Started LVM2 metadata daemon.
[    6.435844] systemd[1]: Started File System Check Daemon to report status.
[[0;32m  OK  [0m] Started File System Check Daemon to report status.
[    6.440726] systemd[1]: Starting Create Static Device Nodes in /dev...
         Starting Create Static Device Nodes in /dev...
[    6.446770] systemd[1]: Started File System Check on Root Device.
[[0;32m  OK  [0m] Started File System Check on Root Device.
[    6.453311] systemd[1]: Starting Remount Root and Kernel File Systems...
         Starting Remount Root and Kernel File Systems...
[    6.460595] systemd[1]: Started Journal Service.
[[0;32m  OK  [0m] Started Journal Service.
[    6.469128] EXT4-fs (sda1): re-mounted. Opts: (null)
[[0;32m  OK  [0m] Started Create Static Device Nodes in /dev.
         Starting udev Kernel Device Manager...
[[0;32m  OK  [0m] Started Remount Root and Kernel File Systems.
         Starting Flush Journal to Persistent Storage...
         Starting udev Coldplug all Devices...
         Starting Load/Save Random Seed...
[    6.506569] iscsi: registered transport (iser)
[    6.508575] systemd-journald[391]: Received request to flush runtime journal from PID 1
[[0;32m  OK  [0m] Started Load/Save Random Seed.
[[0;32m  OK  [0m] Started Flush Journal to Persistent Storage.
[[0;32m  OK  [0m] Started Load Kernel Modules.
         Mounting FUSE Control File System...
         Starting Apply Kernel Variables...
[[0;32m  OK  [0m] Mounted FUSE Control File System.
[[0;32m  OK  [0m] Started udev Kernel Device Manager.
[[0;32m  OK  [0m] Started Apply Kernel Variables.
[[0;32m  OK  [0m] Started Set console keymap.
[[0;32m  OK  [0m] Started udev Coldplug all Devices.
[[0;32m  OK  [0m] Started Dispatch Password Requests to Console Directory Watch.
[[0;32m  OK  [0m] Started Monitoring of LVM2 mirrors,...ng dmeventd or progress polling.
[[0;32m  OK  [0m] Found device /dev/ttyS0.
[[0;32m  OK  [0m] Reached target Local File Systems (Pre).
[[0;32m  OK  [0m] Reached target Local File Systems.
         Starting Tell Plymouth To Write Out Runtime Data...
         Starting Initial cloud-init job (pre-networking)...
         Starting Create Volatile Files and Directories...
         Starting LSB: AppArmor initialization...
         Starting Commit a transient machine-id on disk...
         Starting Set console font and keymap...
[[0;32m  OK  [0m] Started Tell Plymouth To Write Out Runtime Data.
[[0;32m  OK  [0m] Started Create Volatile Files and Directories.
         Starting Update UTMP about System Boot/Shutdown...
[[0;32m  OK  [0m] Started Update UTMP about System Boot/Shutdown.
[[0;32m  OK  [0m] Started Commit a transient machine-id on disk.
[[0;32m  OK  [0m] Listening on Load/Save RF Kill Switch Status /dev/rfkill Watch.
[[0;32m  OK  [0m] Started LSB: AppArmor initialization.
         Starting Load AppArmor profiles managed internally by snapd...
[    8.337407] cloud-init[505]: Cloud-init v. 21.1-19-gbad84ad4-0ubuntu1~16.04.2 running 'init-local' at Sun, 12 Nov 2023 16:16:19 +0000. Up 7.77 seconds.
[[0;32m  OK  [0m] Started Load AppArmor profiles managed internally by snapd.
[[0;32m  OK  [0m] Started Initial cloud-init job (pre-networking).
[[0;32m  OK  [0m] Reached target Network (Pre).
         Starting Raise network interfaces...
[[0;32m  OK  [0m] Started Set console font and keymap.
[[0;32m  OK  [0m] Created slice system-getty.slice.
[[0;32m  OK  [0m] Started Raise network interfaces.
         Starting Initial cloud-init job (metadata service crawler)...
[[0;32m  OK  [0m] Reached target Network.
[   10.000728] cloud-init[954]: Cloud-init v. 21.1-19-gbad84ad4-0ubuntu1~16.04.2 running 'init' at Sun, 12 Nov 2023 16:16:20 +0000. Up 9.42 seconds.
[   10.003941] cloud-init[954]: ci-info: ++++++++++++++++++++++++++++++++++++++Net device info+++++++++++++++++++++++++++++++++++++++
[   10.005689] cloud-init[954]: ci-info: +--------+-------+----------------------------+---------------+--------+-------------------+
[   10.010132] cloud-init[954]: ci-info: | Device |   Up  |          Address           |      Mask     | Scope  |     Hw-Address    |
[   10.029395] cloud-init[954]: ci-info: +--------+-------+----------------------------+---------------+--------+-------------------+
[   10.032184] cloud-init[954]: ci-info: | enp0s3 |  True |         10.0.2.15          | 255.255.255.0 | global | 02:be:82:6b:cc:1d |
[   10.035086] cloud-init[954]: ci-info: | enp0s3 |  True | fe80::be:82ff:fe6b:cc1d/64 |       .       |  link  | 02:be:82:6b:cc:1d |
[   10.037481] cloud-init[954]: ci-info: | enp0s8 | False |             .              |       .       |   .    | 08:00:27:77:05:72 |
[   10.039971] cloud-init[954]: ci-info: |   lo   |  True |         127.0.0.1          |   255.0.0.0   |  host  |         .         |
[   10.042514] cloud-init[954]: ci-info: |   lo   |  True |          ::1/128           |       .       |  host  |         .         |
[   10.045145] cloud-init[954]: ci-info: +--------+-------+----------------------------+---------------+--------+-------------------+
[   10.047723] cloud-init[954]: ci-info: +++++++++++++++++++++++++++Route IPv4 info++++++++++++++++++++++++++++
[   10.050013] cloud-init[954]: ci-info: +-------+-------------+----------+---------------+-----------+-------+
[   10.052231] cloud-init[954]: ci-info: | Route | Destination | Gateway  |    Genmask    | Interface | Flags |
[   10.054619] cloud-init[954]: ci-info: +-------+-------------+----------+---------------+-----------+-------+
[   10.056962] cloud-init[954]: ci-info: |   0   |   0.0.0.0   | 10.0.2.2 |    0.0.0.0    |   enp0s3  |   UG  |
[   10.059365] cloud-init[954]: ci-info: |   1   |   10.0.2.0  | 0.0.0.0  | 255.255.255.0 |   enp0s3  |   U   |
[   10.061656] cloud-init[954]: ci-info: +-------+-------------+----------+---------------+-----------+-------+
[   10.063974] cloud-init[954]: ci-info: +++++++++++++++++++Route IPv6 info+++++++++++++++++++
[   10.066098] cloud-init[954]: ci-info: +-------+-------------+---------+-----------+-------+
[[0;32m  OK  [0m] Started Initial cloud-init job (metadata service crawler).
[[0;32m  OK  [0m] Reached target Cloud-config availability.
[[0;32m  OK  [0m] Reached target System Initialization.
[[0;32m  OK  [0m] Listening on D-Bus System Message Bus Socket.
[[0;32m  OK  [0m] Started Daily apt download activities.
[[0;32m  OK  [0m] Started Daily apt upgrade and clean activities.
[[0;32m  OK  [0m] Started Ubuntu Advantage update messaging.
[   10.076330] cloud-init[954]: ci-info: | Route | Destination | Gateway | Interface | Flags |
[   10.084106] cloud-init[954]: ci-info: +-------+-------------+---------+-----------+-------+
[[0;32m  OK  [0m] Started ACPI Events Check.
[[0;32m  OK  [0m] Reached target Paths.
[   10.088131] cloud-init[954]: ci-info: |   0   |  fe80::/64  |    ::   |   enp0s3  |   U   |
[   10.089575] cloud-init[954]: ci-info: |   3   |   ff00::/8  |    ::   |   enp0s3  |   U   |
[   10.090983] cloud-init[954]: ci-info: +-------+-------------+---------+-----------+-------+[[0;32m  OK  [0m] Started Daily Cleanup of Temporary Directories.
[[0;32m  OK  [0m] Listening on UUID daemon activation socket.
[[0;32m  OK  [0m] Started Message of the Day.
[[0;32m  OK  [0m] Reached target Timers.

[   10.096700] cloud-init[954]: Generating public/private rsa key pair.
[   10.097074] cloud-init[954]: Your identification has been saved in /etc/ssh/ssh_host_rsa_key.
[   10.097419] cloud-init[954]: Your public key has been saved in /etc/ssh/ssh_host_rsa_key.pub.
[   10.097759] cloud-init[954]: The key fingerprint is:
[   10.098103] cloud-init[954]: SHA256:72j/y0oLVmbqHI9C0kvnOUkiGqb9tqnZ83V0EwrhGVE root@ubuntu-xenial
[   10.098447] cloud-init[954]: The key's randomart image is:
[   10.098790] cloud-init[954]: +---[RSA 2048]----+
[   10.099133] cloud-init[954]: |        +oE      |
[   10.099475] cloud-init[954]: |       . +       |
[   10.099825] cloud-init[954]: |        +   .    |
         Starting Socket activation for snappy daemon.
[[0;32m  OK  [0m] Listening on ACPID Listen Socket.
[   10.100193] cloud-init[954]: |         . . .   |
[   10.107648] cloud-init[954]: |     .  S * o    |
[   10.108668] cloud-init[954]: |  o o = oB . .   |
[   10.111035]          Starting LXD - unix socket.
[[0;32m  OK  [0m] Reached target Network is Online.
cloud-init[954]: | + o = **o+      |
[   10.113397] cloud-init[954]: |. ooo.o=*X o     |
[   10.114730] cloud-init[954]: |  o+=+.o=o*o+.   |
[   10.116005] cloud-init[954]: +----[SHA256]-----+
[   10.117358] cloud-init[954]: Generating public/private dsa key pair.
[   10.119041] cloud-init[954]: Your identification has been saved in /etc/ssh/ssh_host_dsa_key.
[   10.120838] cloud-init[954]: Your public key has been saved in /etc/ssh/ssh_host_dsa_key.pub.
[   10.122601] cloud-init[954]: The key fingerprint is:
[   10.123900] cloud-init[954]: SHA256:s9VecwyV2g1t/zUWzQuSVjIjv9HEBsZ2aOG+/G2yU4E root@ubuntu-xenial
[   10.125723] cloud-init[954]: The key's randomart image is:
[   10.127085] cloud-init[954]: +---[DSA 1024]----+
[   10.128363] cloud-init[954]: |         ..BBo o+|
[   10.129635] cloud-init[954]: |          =O*=.+=|
[   10.130907] cloud-init[954]: |          +++.*o=|
[   10.132225]          Starting iSCSI initiator daemon (iscsid)...
cloud-init[954]: |          ..oE O+|[[0;32m  OK  [0m] Listening on Socket activation for snappy daemon.
[[0;32m  OK  [0m] Listening on LXD - unix socket.
[[0;32m  OK  [0m] Reached target Sockets.
[[0;32m  OK  [0m] Reached target Basic System.
         Starting /etc/rc.local Compatibility...

[   10.137241]          cloud-initStarting Virtualbox guest utils...[954]: 
|        S .o. + B|
[   10.139144] cloud-init[954]: |         +.... +.|
[   10.140606] cloud-init[954]: |        .  o. .  |
[   10.151248] cloud-init[954]: |            .o.. |
[   10.151498] cloud-init[954]: |             o=. |
[   10.151799]          Starting Pollinate to seed the pseudo random number generator...cloud-init[954]: +----[SHA256]-----+
[   10.153736] cloud-init[954]: Generating public/private ecdsa key pair.
[   10.154062] cloud-init[954]: Your identification has been saved in /etc/ssh/ssh_host_ecdsa_key.
[   10.154385] cloud-init[954]: Your public key has been saved in /etc/ssh/ssh_host_ecdsa_key.pub.
[   10.154717] cloud-init[954]: The key fingerprint is:

[   10.154829] cloud-init[954]: SHA256:iowXjKmDLRgXDqWAVw/RGN1uV9yBOKthWSU3pMkQb4I root@ubuntu-xenial
[   10.168179] cloud-init[954]: The key's randomart image is:
[   10.169851] cloud-init[954]: +---[ECDSA 256]---+
[   10.171173] cloud-init[954]: |o ..=* .o..==o.. |
[   10.173484] cloud-init[954]: |oo. .oo..++=+..  |
[   10.175103] cloud-init[954]: |o..   E..o*+     |
[   10.177862] cloud-init[954]: | o =    *oo      |
[   10.179468] cloud-init[954]: |. = o  oS+       |
[   10.180359] cloud-init[954]: |o= o o ..        |
[   10.181818] cloud-init[954]: |* o + .          |
[   10.183034] cloud-init[954]: | o .             |
[   10.183934] cloud-init[954]: |                 |
[   10.185141] cloud-init[954]: +----[SHA256]-----+
         Starting Snap Daemon...
[   10.194863] cloud-init[954]: Generating public/private ed25519 key pair.
[   10.202587]          cloud-initStarting LXD - container startup/shutdown...[954]: 
Your identification has been saved in /etc/ssh/ssh_host_ed25519_key.
[[0;32m  OK  [0m] Started Regular background program processing daemon.
[   10.212550]          cloud-initStarting Accounts Service...[954]: 
Your public key has been saved in /etc/ssh/ssh_host_ed25519_key.pub.         Starting System Logging Service...
[[0;32m  OK  [0m] Started Deferred execution scheduler.

[[0;32m  OK  [0m] Started FUSE filesystem for LXC.
[   10.229302]          Starting LSB: Record successful boot for GRUB...
cloud-init[954]: The key fingerprint is:
         Starting LSB: MD monitoring daemon...
[   10.249025] [cloud-init[0;32m  OK  [0m[954]: ] SHA256:fSTf5lJN+w+IerTCcfz2q6Gl+yvTZXKFazBeQwWCffw root@ubuntu-xenialStarted ACPI event daemon.

[   10.269186]          cloud-initStarting Login Service...[954]: 
The key's randomart image is:
[   10.271152] [cloud-init[0;32m  OK  [0m[954]: ] +--[ED25519 256]--+Started D-Bus System Message Bus.

[   10.278821] cloud-init[954]: |           o...o.|
[   10.283678] cloud-init[954]: |          . ..+  |
[   10.294219] cloud-init[954]: |          . .o o.|
[   10.300748] cloud-init[954]: |         . +o.+oE|
[   10.302111] cloud-init[954]: |        S...o++=.|
[   10.307576] cloud-init[954]: |        . +oo=* .|
[   10.309682] cloud-init[954]: |       . +.+=*o .|
[   10.312884] cloud-init[954]: |        o.=++o ..|
[   10.324591] cloud-init[954]: |        .o+*++o..|
[   10.334169] cloud-init[954]: +----[SHA256]-----+
[[0;32m  OK  [0m] Started System Logging Service.
[[0;32m  OK  [0m] Started /etc/rc.local Compatibility.
[[0;32m  OK  [0m] Started iSCSI initiator daemon (iscsid).
[[0;32m  OK  [0m] Started Login Service.
[[0;32m  OK  [0m] Started Unattended Upgrades Shutdown.
         Starting Login to default iSCSI targets...
         Starting Authenticate and Authorize Users to Run Privileged Tasks...
[[0;32m  OK  [0m] Started LXD - container startup/shutdown.
[[0;32m  OK  [0m] Started LSB: Record successful boot for GRUB.
[[0;32m  OK  [0m] Started LSB: MD monitoring daemon.
[[0;32m  OK  [0m] Started Authenticate and Authorize Users to Run Privileged Tasks.
[[0;32m  OK  [0m] Started Accounts Service.
[[0;32m  OK  [0m] Started Login to default iSCSI targets.
[[0;32m  OK  [0m] Reached target Remote File Systems (Pre).
[[0;32m  OK  [0m] Reached target Remote File Systems.
         Starting LSB: Set the CPU Frequency Scaling governor to "ondemand"...
         Starting LSB: daemon to balance interrupts for SMP systems...
         Starting LSB: automatic crash report generation...
         Starting Permit User Sessions...
[[0;32m  OK  [0m] Started Permit User Sessions.
         Starting Hold until boot process finishes up...
         Starting Terminate Plymouth Boot Screen...
[[0;32m  OK  [0m] Started Hold until boot process finishes up.
[[0;32m  OK  [0m] Started Getty on tty1.
[[0;32m  OK  [0m] Started Serial Getty on ttyS0.
[[0;32m  OK  [0m] Reached target Login Prompts.
         Starting Set console scheme...
[[0;32m  OK  [0m] Started LSB: Set the CPU Frequency Scaling governor to "ondemand".
[[0;32m  OK  [0m] Started Terminate Plymouth Boot Screen.
[[0;32m  OK  [0m] Started Set console scheme.
[[0;32m  OK  [0m] Started LSB: daemon to balance interrupts for SMP systems.
[[0;32m  OK  [0m] Started LSB: automatic crash report generation.
[[0;32m  OK  [0m] Started Pollinate to seed the pseudo random number generator.
         Starting OpenBSD Secure Shell server...
[[0;32m  OK  [0m] Started Virtualbox guest utils.
[[0;32m  OK  [0m] Started OpenBSD Secure Shell server.
[[0;32m  OK  [0m] Started Snap Daemon.
         Starting Wait until snapd is fully seeded...
[[0;32m  OK  [0m] Started Wait until snapd is fully seeded.
         Starting Apply the settings specified in cloud-config...
[[0;32m  OK  [0m] Reached target Multi-User System.
[[0;32m  OK  [0m] Reached target Graphical Interface.
         Starting Update UTMP about System Runlevel Changes...
[[0;32m  OK  [0m] Started Update UTMP about System Runlevel Changes.
[   13.040435] cloud-init[1305]: Generating locales (this might take a while)...
[[0;32m  OK  [0m] Created slice User Slice of vagrant.
         Starting User Manager for UID 1000...
[[0;32m  OK  [0m] Started Session 1 of user vagrant.
[[0;32m  OK  [0m] Started User Manager for UID 1000.
[   14.483180] cloud-init[1305]:   en_US.UTF-8... done
[   14.485235] cloud-init[1305]: Generation complete.
[   14.992758] cloud-init[1305]: Cloud-init v. 21.1-19-gbad84ad4-0ubuntu1~16.04.2 running 'modules:config' at Sun, 12 Nov 2023 16:16:24 +0000. Up 12.77 seconds.
[[0;32m  OK  [0m] Started Apply the settings specified in cloud-config.
         Starting Execute cloud user/final scripts...
ci-info: no authorized SSH keys fingerprints found for user ubuntu.
<14>Nov 12 16:16:27 ec2: 
<14>Nov 12 16:16:27 ec2: #############################################################
<14>Nov 12 16:16:27 ec2: -----BEGIN SSH HOST KEY FINGERPRINTS-----
<14>Nov 12 16:16:27 ec2: 1024 SHA256:s9VecwyV2g1t/zUWzQuSVjIjv9HEBsZ2aOG+/G2yU4E root@ubuntu-xenial (DSA)
<14>Nov 12 16:16:27 ec2: 256 SHA256:iowXjKmDLRgXDqWAVw/RGN1uV9yBOKthWSU3pMkQb4I root@ubuntu-xenial (ECDSA)
<14>Nov 12 16:16:27 ec2: 256 SHA256:fSTf5lJN+w+IerTCcfz2q6Gl+yvTZXKFazBeQwWCffw root@ubuntu-xenial (ED25519)
<14>Nov 12 16:16:27 ec2: 2048 SHA256:72j/y0oLVmbqHI9C0kvnOUkiGqb9tqnZ83V0EwrhGVE root@ubuntu-xenial (RSA)
<14>Nov 12 16:16:27 ec2: -----END SSH HOST KEY FINGERPRINTS-----
<14>Nov 12 16:16:27 ec2: #############################################################
-----BEGIN SSH HOST KEY KEYS-----
ecdsa-sha2-nistp256 AAAAE2VjZHNhLXNoYTItbmlzdHAyNTYAAAAIbmlzdHAyNTYAAABBBOyErLX9HC6mfMCb7gVFEtCXUrJYTpzS1Lt2t8klxRKxX0IslMUxgR4Bw/+FCE19Ktju3TgzWHdIKygvWf9K+JQ= root@ubuntu-xenial
ssh-ed25519 AAAAC3NzaC1lZDI1NTE5AAAAIJI699Y/O/Ume0XAcbgD6l4sdRTitOnhldTLNwfVm/xA root@ubuntu-xenial
ssh-rsa AAAAB3NzaC1yc2EAAAADAQABAAABAQDp2uTHLY8vZkJWJWBC31GbQzlxp6YJWTMKkCtz3jJ5VuqxBB6TbYCaI2pCHIvgxg+lIxPtg8pTqzQbMP0mJqZ+6YUA7GI2+s/qYrQL0jIFTLLQ1O9BdBISdT1uGmBEofdwjin5QxiJaS9sJh9eL/c+3LwTOARXmdBfpRSJ2WDZkb2krqIhcVA3vPdUMUNWgPZOp7/VZSgraWDEgZGAmCzwSmr7nChAjjvvfBt3bszWMfmeCqd+ufnufaDg17QexKZ8qnl7ZhInPSWwo3m690YXO6F3ehIExJV/JT2kSfBQFANZ0pZLJR3D8J/27FsUzlWq/Slo3GLOCQgPuMOzyeM7 root@ubuntu-xenial
-----END SSH HOST KEY KEYS-----
[   15.785320] cloud-init[1451]: Cloud-init v. 21.1-19-gbad84ad4-0ubuntu1~16.04.2 running 'modules:final' at Sun, 12 Nov 2023 16:16:27 +0000. Up 15.57 seconds.
[   15.785685] cloud-init[1451]: ci-info: no authorized SSH keys fingerprints found for user ubuntu.
[   15.786495] cloud-init[1451]: Cloud-init v. 21.1-19-gbad84ad4-0ubuntu1~16.04.2 finished at Sun, 12 Nov 2023 16:16:27 +0000. Datasource DataSourceNoCloud [seed=/dev/sdb][dsmode=net].  Up 15.77 seconds

Ubuntu 16.04.7 LTS ubuntu-xenial ttyS0

ubuntu-xenial login: 